[2023-01-12T17:03:55.262] [INFO] info - get params:{"state":"1","pageNum":"1","pageSize":"10"}
[2023-01-12T17:03:55.263] [INFO] info - post params:{}
[2023-01-12T17:04:19.196] [INFO] info - get params:{"state":"1","pageNum":"1","pageSize":"10"}
[2023-01-12T17:04:19.198] [INFO] info - post params:{}
[2023-01-12T17:15:03.992] [INFO] info - ===========GET params:{"state":"1","pageNum":"1","pageSize":"10"}
[2023-01-12T17:15:03.994] [INFO] info - ===========POST params:{}
[2023-01-12T17:15:36.399] [INFO] info - ===========GET params:{"state":"1","pageNum":"1","pageSize":"10"}
[2023-01-12T17:15:36.401] [INFO] info - ===========POST params:{}
[2023-01-12T17:16:32.572] [INFO] info - ===========GET params:{"state":"1","pageNum":"1","pageSize":"10"}
[2023-01-12T17:16:32.574] [INFO] info - ===========POST params:{}
[2023-01-12T17:20:23.872] [INFO] info - ===========GET params:{"state":"1","pageNum":"1","pageSize":"10"}
[2023-01-12T17:20:23.873] [INFO] info - ===========POST params:{}
[2023-01-12T17:25:56.841] [INFO] info - ===========GET params:{"state":"1","pageNum":"1","pageSize":"10"}
[2023-01-12T17:25:56.842] [INFO] info - ===========POST params:{}
[2023-01-12T17:29:30.628] [INFO] info - ===========GET params:{"state":"1","pageNum":"1","pageSize":"10"}
[2023-01-12T17:29:30.629] [INFO] info - ===========POST params:{}
[2023-01-12T17:32:30.810] [INFO] info - ===========GET params:{"state":"1","pageNum":"1","pageSize":"10"}
[2023-01-12T17:32:30.812] [INFO] info - ===========POST params:{}
[2023-01-12T17:33:02.643] [INFO] info - ===========GET params:{"state":"1","pageNum":"1","pageSize":"10"}
[2023-01-12T17:33:02.645] [INFO] info - ===========POST params:{}
[2023-01-12T17:33:23.291] [INFO] info - ===========GET params:{"state":"1","pageNum":"1","pageSize":"10"}
[2023-01-12T17:33:23.292] [INFO] info - ===========POST params:{}
[2023-01-12T17:34:41.095] [INFO] info - ===========GET params:{"state":"1","pageNum":"1","pageSize":"10"}
[2023-01-12T17:34:41.097] [INFO] info - ===========POST params:{}
[2023-01-12T18:26:45.780] [INFO] info - ===========GET params:{"state":"1","pageNum":"1","pageSize":"10"}
[2023-01-12T18:26:45.781] [INFO] info - ===========POST params:{}
[2023-01-12T18:26:50.934] [INFO] info - ===========GET params:{"state":"1","pageNum":"1","pageSize":"10"}
[2023-01-12T18:26:50.935] [INFO] info - ===========POST params:{}
[2023-01-12T18:26:53.689] [INFO] info - ===========GET params:{"state":"1","pageNum":"1","pageSize":"10"}
[2023-01-12T18:26:53.689] [INFO] info - ===========POST params:{}
[2023-01-12T18:26:55.035] [INFO] info - ===========GET params:{"state":"1","pageNum":"1","pageSize":"10"}
[2023-01-12T18:26:55.035] [INFO] info - ===========POST params:{}
[2023-01-12T18:26:55.762] [INFO] info - ===========GET params:{"state":"1","pageNum":"1","pageSize":"10"}
[2023-01-12T18:26:55.762] [INFO] info - ===========POST params:{}
[2023-01-12T18:26:58.878] [INFO] info - ===========GET params:{"state":"1","pageNum":"1","pageSize":"10"}
[2023-01-12T18:26:58.879] [INFO] info - ===========POST params:{}
[2023-01-12T18:34:53.917] [INFO] info - ===========GET params:{"state":"1","pageNum":"1","pageSize":"10"}
[2023-01-12T18:34:53.917] [INFO] info - ===========POST params:{}
[2023-01-12T18:34:54.383] [INFO] info - ===========GET params:{"state":"1","pageNum":"1","pageSize":"10"}
[2023-01-12T18:34:54.383] [INFO] info - ===========POST params:{}
[2023-01-12T18:34:55.839] [INFO] info - ===========GET params:{"state":"1","pageNum":"1","pageSize":"10"}
[2023-01-12T18:34:55.839] [INFO] info - ===========POST params:{}
[2023-01-12T18:34:57.524] [INFO] info - ===========GET params:{"state":"1","pageNum":"1","pageSize":"10"}
[2023-01-12T18:34:57.525] [INFO] info - ===========POST params:{}
[2023-01-12T18:37:44.955] [INFO] info - ===========GET params:{"state":"1","pageNum":"1","pageSize":"10"}
[2023-01-12T18:37:44.956] [INFO] info - ===========POST params:{}
[2023-01-12T18:37:45.439] [INFO] info - ===========GET params:{"state":"1","pageNum":"1","pageSize":"10"}
[2023-01-12T18:37:45.440] [INFO] info - ===========POST params:{}
[2023-01-12T18:37:50.301] [INFO] info - ===========GET params:{"state":"1","pageNum":"1","pageSize":"10"}
[2023-01-12T18:37:50.301] [INFO] info - ===========POST params:{}
[2023-01-12T18:38:03.833] [INFO] info - ===========GET params:{"state":"1","pageNum":"1","pageSize":"10"}
[2023-01-12T18:38:03.833] [INFO] info - ===========POST params:{}
[2023-01-12T18:38:05.035] [INFO] info - ===========GET params:{"state":"1","pageNum":"1","pageSize":"10"}
[2023-01-12T18:38:05.036] [INFO] info - ===========POST params:{}
[2023-01-12T18:38:21.098] [INFO] info - ===========GET params:{"state":"1","pageNum":"1","pageSize":"10"}
[2023-01-12T18:38:21.099] [INFO] info - ===========POST params:{}
[2023-01-12T18:43:48.393] [INFO] info - ===========GET params:{"state":"1","pageNum":"1","pageSize":"10"}
[2023-01-12T18:43:48.394] [INFO] info - ===========POST params:{}
[2023-01-12T18:43:49.448] [INFO] info - ===========GET params:{"state":"1","pageNum":"1","pageSize":"10"}
[2023-01-12T18:43:49.448] [INFO] info - ===========POST params:{}
[2023-01-12T18:43:51.448] [INFO] info - ===========GET params:{"state":"1","pageNum":"1","pageSize":"10"}
[2023-01-12T18:43:51.448] [INFO] info - ===========POST params:{}
[2023-01-12T18:43:57.165] [INFO] info - ===========GET params:{"state":"1","pageNum":"1","pageSize":"10"}
[2023-01-12T18:43:57.165] [INFO] info - ===========POST params:{}
[2023-01-12T18:44:08.030] [INFO] info - ===========GET params:{"state":"1","pageNum":"1","pageSize":"10"}
[2023-01-12T18:44:08.030] [INFO] info - ===========POST params:{}
[2023-01-12T18:44:15.979] [INFO] info - ===========GET params:{"state":"1","pageNum":"1","pageSize":"10"}
[2023-01-12T18:44:15.979] [INFO] info - ===========POST params:{}
[2023-01-12T18:44:20.383] [INFO] info - ===========GET params:{"state":"1","pageNum":"1","pageSize":"10"}
[2023-01-12T18:44:20.383] [INFO] info - ===========POST params:{}
[2023-01-12T18:44:24.109] [INFO] info - ===========GET params:{"state":"1","pageNum":"1","pageSize":"10"}
[2023-01-12T18:44:24.109] [INFO] info - ===========POST params:{}
[2023-01-12T18:44:41.070] [INFO] info - ===========GET params:{"state":"1","pageNum":"1","pageSize":"10"}
[2023-01-12T18:44:41.071] [INFO] info - ===========POST params:{}
[2023-01-12T18:44:47.058] [INFO] info - ===========GET params:{"state":"1","pageNum":"1","pageSize":"10"}
[2023-01-12T18:44:47.058] [INFO] info - ===========POST params:{}
[2023-01-12T18:44:48.927] [INFO] info - ===========GET params:{"state":"1","pageNum":"1","pageSize":"10"}
[2023-01-12T18:44:48.927] [INFO] info - ===========POST params:{}
[2023-01-12T18:45:33.847] [INFO] info - ===========GET params:{"state":"1","pageNum":"1","pageSize":"10"}
[2023-01-12T18:45:33.847] [INFO] info - ===========POST params:{}
[2023-01-12T18:46:10.925] [INFO] info - ===========GET params:{"state":"1","pageNum":"1","pageSize":"10"}
[2023-01-12T18:46:10.925] [INFO] info - ===========POST params:{}
[2023-01-12T18:47:18.027] [INFO] info - ===========GET params:{"state":"1","pageNum":"1","pageSize":"10"}
[2023-01-12T18:47:18.027] [INFO] info - ===========POST params:{}
[2023-01-12T18:47:28.007] [INFO] info - ===========GET params:{"state":"1","pageNum":"1","pageSize":"10"}
[2023-01-12T18:47:28.007] [INFO] info - ===========POST params:{}
[2023-01-12T18:47:28.691] [INFO] info - ===========GET params:{"state":"1","pageNum":"1","pageSize":"10"}
[2023-01-12T18:47:28.691] [INFO] info - ===========POST params:{}
[2023-01-12T18:47:31.199] [INFO] info - ===========GET params:{"state":"1","userId":"2","pageNum":"1","pageSize":"10","total":"1"}
[2023-01-12T18:47:31.199] [INFO] info - ===========POST params:{}
[2023-01-12T18:47:35.525] [INFO] info - ===========GET params:{"state":"1","userId":"1","pageNum":"1","pageSize":"10","total":"0"}
[2023-01-12T18:47:35.526] [INFO] info - ===========POST params:{}
[2023-01-12T18:47:37.250] [INFO] info - ===========GET params:{"state":"1","userId":"","pageNum":"1","pageSize":"10","total":"1"}
[2023-01-12T18:47:37.251] [INFO] info - ===========POST params:{}
[2023-01-12T18:48:15.781] [INFO] info - ===========GET params:{"state":"1","pageNum":"1","pageSize":"10"}
[2023-01-12T18:48:15.782] [INFO] info - ===========POST params:{}
[2023-01-12T18:48:16.484] [INFO] info - ===========GET params:{"state":"1","pageNum":"1","pageSize":"10"}
[2023-01-12T18:48:16.484] [INFO] info - ===========POST params:{}
[2023-01-12T18:48:22.390] [INFO] info - ===========GET params:{"state":"1","pageNum":"1","pageSize":"10"}
[2023-01-12T18:48:22.390] [INFO] info - ===========POST params:{}
[2023-01-12T18:48:24.873] [INFO] info - ===========GET params:{"state":"1","pageNum":"1","pageSize":"10"}
[2023-01-12T18:48:24.873] [INFO] info - ===========POST params:{}
[2023-01-12T18:48:30.680] [INFO] info - ===========GET params:{"state":"1","pageNum":"1","pageSize":"10"}
[2023-01-12T18:48:30.680] [INFO] info - ===========POST params:{}
[2023-01-12T18:48:31.115] [INFO] info - ===========GET params:{"state":"1","pageNum":"1","pageSize":"10"}
[2023-01-12T18:48:31.115] [INFO] info - ===========POST params:{}
[2023-01-12T18:48:31.534] [INFO] info - ===========GET params:{"state":"1","pageNum":"1","pageSize":"10"}
[2023-01-12T18:48:31.534] [INFO] info - ===========POST params:{}
[2023-01-12T18:48:31.845] [INFO] info - ===========GET params:{"state":"1","pageNum":"1","pageSize":"10"}
[2023-01-12T18:48:31.845] [INFO] info - ===========POST params:{}
[2023-01-12T18:48:33.150] [INFO] info - ===========GET params:{"state":"1","pageNum":"1","pageSize":"10"}
[2023-01-12T18:48:33.150] [INFO] info - ===========POST params:{}
[2023-01-12T18:48:33.455] [INFO] info - ===========GET params:{"state":"1","pageNum":"1","pageSize":"10"}
[2023-01-12T18:48:33.456] [INFO] info - ===========POST params:{}
[2023-01-12T18:48:34.333] [INFO] info - ===========GET params:{"state":"1","pageNum":"1","pageSize":"10"}
[2023-01-12T18:48:34.333] [INFO] info - ===========POST params:{}
[2023-01-12T18:48:44.298] [INFO] info - ===========GET params:{"state":"1","pageNum":"1","pageSize":"10"}
[2023-01-12T18:48:44.298] [INFO] info - ===========POST params:{}
[2023-01-12T18:48:47.395] [INFO] info - ===========GET params:{"state":"1","pageNum":"1","pageSize":"10"}
[2023-01-12T18:48:47.395] [INFO] info - ===========POST params:{}
[2023-01-12T18:48:59.123] [INFO] info - ===========GET params:{"state":"1","pageNum":"1","pageSize":"10"}
[2023-01-12T18:48:59.123] [INFO] info - ===========POST params:{}
[2023-01-12T18:49:02.067] [INFO] info - ===========GET params:{"state":"1","pageNum":"1","pageSize":"10"}
[2023-01-12T18:49:02.068] [INFO] info - ===========POST params:{}
[2023-01-12T18:49:04.138] [INFO] info - ===========GET params:{"state":"1","pageNum":"1","pageSize":"10"}
[2023-01-12T18:49:04.138] [INFO] info - ===========POST params:{}
[2023-01-12T18:49:05.682] [INFO] info - ===========GET params:{"state":"1","pageNum":"1","pageSize":"10"}
[2023-01-12T18:49:05.682] [INFO] info - ===========POST params:{}
[2023-01-12T18:49:07.936] [INFO] info - ===========GET params:{"state":"1","pageNum":"1","pageSize":"10"}
[2023-01-12T18:49:07.936] [INFO] info - ===========POST params:{}
[2023-01-12T18:49:11.867] [INFO] info - ===========GET params:{"state":"1","userName":"z","pageNum":"1","pageSize":"10","total":"1"}
[2023-01-12T18:49:11.867] [INFO] info - ===========POST params:{}
[2023-01-12T18:49:13.258] [INFO] info - ===========GET params:{"state":"1","userName":"zww","pageNum":"1","pageSize":"10","total":"0"}
[2023-01-12T18:49:13.259] [INFO] info - ===========POST params:{}
[2023-01-12T18:49:14.227] [INFO] info - ===========GET params:{"state":"1","userName":"zww123","pageNum":"1","pageSize":"10","total":"0"}
[2023-01-12T18:49:14.227] [INFO] info - ===========POST params:{}
[2023-01-12T18:52:20.826] [INFO] info - ===========GET params:{"state":"1","pageNum":"1","pageSize":"10"}
[2023-01-12T18:52:20.826] [INFO] info - ===========POST params:{}
[2023-01-12T18:52:23.996] [INFO] info - ===========GET params:{"state":"1","userName":"zw","pageNum":"1","pageSize":"10","total":"1"}
[2023-01-12T18:52:23.996] [INFO] info - ===========POST params:{}
[2023-01-12T18:53:21.569] [INFO] info - ===========GET params:{"state":"1","pageNum":"1","pageSize":"10"}
[2023-01-12T18:53:21.569] [INFO] info - ===========POST params:{}
[2023-01-12T18:53:22.420] [INFO] info - ===========GET params:{"state":"1","pageNum":"1","pageSize":"10","total":"1"}
[2023-01-12T18:53:22.421] [INFO] info - ===========POST params:{}
[2023-01-12T18:53:23.984] [INFO] info - ===========GET params:{"state":"1","userName":"z","pageNum":"1","pageSize":"10","total":"1"}
[2023-01-12T18:53:23.984] [INFO] info - ===========POST params:{}
[2023-01-12T18:53:27.283] [INFO] info - ===========GET params:{"state":"1","userName":"zww123","pageNum":"1","pageSize":"10","total":"0"}
[2023-01-12T18:53:27.283] [INFO] info - ===========POST params:{}
[2023-01-12T18:53:29.471] [INFO] info - ===========GET params:{"state":"1","userName":"zww","pageNum":"1","pageSize":"10","total":"1"}
[2023-01-12T18:53:29.472] [INFO] info - ===========POST params:{}
[2023-01-12T18:55:16.014] [INFO] info - ===========GET params:{"state":"1","pageNum":"1","pageSize":"10"}
[2023-01-12T18:55:16.014] [INFO] info - ===========POST params:{}
[2023-01-12T18:55:17.397] [INFO] info - ===========GET params:{"state":"1","userName":"z","pageNum":"1","pageSize":"10","total":"1"}
[2023-01-12T18:55:17.397] [INFO] info - ===========POST params:{}
[2023-01-12T18:55:19.833] [INFO] info - ===========GET params:{"state":"1","userName":"zww","pageNum":"1","pageSize":"10","total":"0"}
[2023-01-12T18:55:19.833] [INFO] info - ===========POST params:{}
[2023-01-12T18:55:26.551] [INFO] info - ===========GET params:{"state":"1","userName":"zww","pageNum":"1","pageSize":"10","total":"0"}
[2023-01-12T18:55:26.551] [INFO] info - ===========POST params:{}
[2023-01-12T18:57:10.121] [INFO] info - ===========GET params:{"state":"1","userName":"zww","userId":"1","pageNum":"1","pageSize":"10","total":"0"}
[2023-01-12T18:57:10.121] [INFO] info - ===========POST params:{}
[2023-01-12T18:57:11.322] [INFO] info - ===========GET params:{"state":"1","userName":"","userId":"1","pageNum":"1","pageSize":"10","total":"0"}
[2023-01-12T18:57:11.322] [INFO] info - ===========POST params:{}
[2023-01-12T18:57:14.867] [INFO] info - ===========GET params:{"state":"1","userName":"z","userId":"1","pageNum":"1","pageSize":"10","total":"1"}
[2023-01-12T18:57:14.867] [INFO] info - ===========POST params:{}
[2023-01-12T18:57:15.895] [INFO] info - ===========GET params:{"state":"1","userName":"","userId":"1","pageNum":"1","pageSize":"10","total":"0"}
[2023-01-12T18:57:15.895] [INFO] info - ===========POST params:{}
[2023-01-12T18:58:02.531] [INFO] info - ===========GET params:{"state":"1","userName":"z","userId":"1","pageNum":"1","pageSize":"10","total":"1"}
[2023-01-12T18:58:02.531] [INFO] info - ===========POST params:{}
[2023-01-12T18:58:04.672] [INFO] info - ===========GET params:{"state":"1","userName":"z","userId":"","pageNum":"1","pageSize":"10","total":"0"}
[2023-01-12T18:58:04.673] [INFO] info - ===========POST params:{}
[2023-01-12T18:58:06.853] [INFO] info - ===========GET params:{"state":"1","userName":"zww","userId":"","pageNum":"1","pageSize":"10","total":"0"}
[2023-01-12T18:58:06.854] [INFO] info - ===========POST params:{}
[2023-01-12T18:58:12.609] [INFO] info - ===========GET params:{"state":"1","userName":"","userId":"","pageNum":"1","pageSize":"10","total":"0"}
[2023-01-12T18:58:12.609] [INFO] info - ===========POST params:{}
[2023-01-12T18:58:37.675] [INFO] info - ===========GET params:{"state":"1","pageNum":"1","pageSize":"10"}
[2023-01-12T18:58:37.676] [INFO] info - ===========POST params:{}
[2023-01-12T18:58:44.179] [INFO] info - ===========GET params:{"state":"1","pageNum":"1","pageSize":"10"}
[2023-01-12T18:58:44.180] [INFO] info - ===========POST params:{}
[2023-01-12T18:59:10.833] [INFO] info - ===========GET params:{"state":"1","pageNum":"1","pageSize":"10"}
[2023-01-12T18:59:10.834] [INFO] info - ===========POST params:{}
[2023-01-12T18:59:11.857] [INFO] info - ===========GET params:{"state":"1","pageNum":"1","pageSize":"10"}
[2023-01-12T18:59:11.858] [INFO] info - ===========POST params:{}
[2023-01-12T18:59:54.451] [INFO] info - ===========GET params:{"state":"1","pageNum":"1","pageSize":"10"}
[2023-01-12T18:59:54.452] [INFO] info - ===========POST params:{}
[2023-01-12T18:59:55.806] [INFO] info - ===========GET params:{"state":"1","pageNum":"1","pageSize":"10"}
[2023-01-12T18:59:55.807] [INFO] info - ===========POST params:{}
[2023-01-12T19:00:18.388] [INFO] info - ===========GET params:{"state":"1","pageNum":"1","pageSize":"10"}
[2023-01-12T19:00:18.391] [INFO] info - ===========POST params:{}
[2023-01-12T19:00:33.944] [INFO] info - ===========GET params:{"state":"1","pageNum":"1","pageSize":"10"}
[2023-01-12T19:00:33.945] [INFO] info - ===========POST params:{}
[2023-01-12T19:00:37.118] [INFO] info - ===========GET params:{"state":"1","userId":"1","pageNum":"1","pageSize":"10","total":"1"}
[2023-01-12T19:00:37.119] [INFO] info - ===========POST params:{}
[2023-01-12T19:00:38.699] [INFO] info - ===========GET params:{"state":"1","userId":"2","pageNum":"1","pageSize":"10","total":"1"}
[2023-01-12T19:00:38.699] [INFO] info - ===========POST params:{}
[2023-01-12T19:00:41.768] [INFO] info - ===========GET params:{"state":"1","userId":"","userName":"z","pageNum":"1","pageSize":"10","total":"0"}
[2023-01-12T19:00:41.768] [INFO] info - ===========POST params:{}
[2023-01-12T19:00:43.176] [INFO] info - ===========GET params:{"state":"1","userId":"","userName":"zww","pageNum":"1","pageSize":"10","total":"0"}
[2023-01-12T19:00:43.177] [INFO] info - ===========POST params:{}
[2023-01-12T19:00:45.330] [INFO] info - ===========GET params:{"state":"1","userId":"","userName":"zs","pageNum":"1","pageSize":"10","total":"0"}
[2023-01-12T19:00:45.331] [INFO] info - ===========POST params:{}
[2023-01-12T19:01:11.303] [INFO] info - ===========GET params:{"state":"1","pageNum":"1","pageSize":"10"}
[2023-01-12T19:01:11.304] [INFO] info - ===========POST params:{}
[2023-01-12T19:01:13.893] [INFO] info - ===========GET params:{"state":"1","userId":"1","pageNum":"1","pageSize":"10","total":"1"}
[2023-01-12T19:01:13.893] [INFO] info - ===========POST params:{}
[2023-01-12T19:01:15.967] [INFO] info - ===========GET params:{"state":"1","userId":"2","pageNum":"1","pageSize":"10","total":"1"}
[2023-01-12T19:01:15.967] [INFO] info - ===========POST params:{}
[2023-01-12T19:01:18.582] [INFO] info - ===========GET params:{"state":"1","userId":"","userName":"z","pageNum":"1","pageSize":"10","total":"0"}
[2023-01-12T19:01:18.583] [INFO] info - ===========POST params:{}
[2023-01-12T19:01:20.277] [INFO] info - ===========GET params:{"state":"1","userId":"","userName":"zww","pageNum":"1","pageSize":"10","total":"0"}
[2023-01-12T19:01:20.278] [INFO] info - ===========POST params:{}
[2023-01-12T19:01:21.286] [INFO] info - ===========GET params:{"state":"1","userId":"","userName":"zww123","pageNum":"1","pageSize":"10","total":"0"}
[2023-01-12T19:01:21.287] [INFO] info - ===========POST params:{}
[2023-01-12T19:01:22.326] [INFO] info - ===========GET params:{"state":"1","userId":"","userName":"zww1232","pageNum":"1","pageSize":"10","total":"1"}
[2023-01-12T19:01:22.327] [INFO] info - ===========POST params:{}
[2023-01-12T19:01:26.826] [INFO] info - ===========GET params:{"state":"1","userId":"","userName":"","pageNum":"1","pageSize":"10","total":"0"}
[2023-01-12T19:01:26.826] [INFO] info - ===========POST params:{}
[2023-01-14T14:20:15.524] [INFO] info - ===========GET params:{"state":"1","pageNum":"1","pageSize":"10"}
[2023-01-14T14:20:15.525] [INFO] info - ===========POST params:{}
[2023-01-14T14:21:09.389] [INFO] info - ===========GET params:{"state":"1","userName":"w","pageNum":"1","pageSize":"10","total":"1"}
[2023-01-14T14:21:09.389] [INFO] info - ===========POST params:{}
[2023-01-14T14:21:12.449] [INFO] info - ===========GET params:{"state":"1","userName":"2","pageNum":"1","pageSize":"10","total":"0"}
[2023-01-14T14:21:12.450] [INFO] info - ===========POST params:{}
[2023-01-14T14:21:14.437] [INFO] info - ===========GET params:{"state":"1","userName":"45","pageNum":"1","pageSize":"10","total":"0"}
[2023-01-14T14:21:14.437] [INFO] info - ===========POST params:{}
[2023-01-14T14:21:18.611] [INFO] info - ===========GET params:{"state":"1","userName":"","pageNum":"1","pageSize":"10","total":"0"}
[2023-01-14T14:21:18.611] [INFO] info - ===========POST params:{}
[2023-01-14T14:23:21.881] [INFO] info - ===========GET params:{"state":"1","pageNum":"1","pageSize":"10"}
[2023-01-14T14:23:21.882] [INFO] info - ===========POST params:{}
[2023-01-16T17:00:39.518] [INFO] info - ===========GET params:{"state":"1","pageNum":"1","pageSize":"10"}
[2023-01-16T17:00:39.519] [INFO] info - ===========POST params:{}
[2023-01-16T17:03:11.785] [INFO] info - ===========GET params:{"state":"1","userName":"w","pageNum":"1","pageSize":"10","total":"1"}
[2023-01-16T17:03:11.786] [INFO] info - ===========POST params:{}
[2023-01-16T17:03:17.329] [INFO] info - ===========GET params:{"state":"1","userName":"5","pageNum":"1","pageSize":"10","total":"0"}
[2023-01-16T17:03:17.330] [INFO] info - ===========POST params:{}
[2023-01-16T17:03:19.876] [INFO] info - ===========GET params:{"state":"1","userName":"","pageNum":"1","pageSize":"10","total":"0"}
[2023-01-16T17:03:19.876] [INFO] info - ===========POST params:{}
[2023-01-16T17:12:21.894] [INFO] info - ===========GET params:{"state":"1","pageNum":"1","pageSize":"10"}
[2023-01-16T17:12:21.895] [INFO] info - ===========POST params:{}
[2023-01-16T17:13:10.508] [INFO] info - ===========GET params:{"state":"1","pageNum":"1","pageSize":"10"}
[2023-01-16T17:13:10.509] [INFO] info - ===========POST params:{}
[2023-01-16T17:13:59.555] [INFO] info - ===========GET params:{"state":"1","pageNum":"1","pageSize":"10"}
[2023-01-16T17:13:59.555] [INFO] info - ===========POST params:{}
[2023-01-16T20:48:44.211] [INFO] info - ===========GET params:{"state":"1","pageNum":"1","pageSize":"10"}
[2023-01-16T20:48:44.211] [INFO] info - ===========POST params:{}
[2023-01-16T22:13:59.619] [INFO] info - ===========GET params:{"state":"1","pageNum":"1","pageSize":"10"}
[2023-01-16T22:13:59.619] [INFO] info - ===========POST params:{}
[2023-01-19T16:50:02.881] [INFO] info - ===========GET params:{"state":"1","pageNum":"1","pageSize":"10"}
[2023-01-19T16:50:02.882] [INFO] info - ===========POST params:{}
[2023-01-19T17:21:21.942] [INFO] info - ===========GET params:{"state":"1","pageNum":"1","pageSize":"10"}
[2023-01-19T17:21:21.942] [INFO] info - ===========POST params:{}
[2023-01-19T17:23:02.603] [INFO] info - ===========GET params:{"state":"1","pageNum":"1","pageSize":"10"}
[2023-01-19T17:23:02.604] [INFO] info - ===========POST params:{}
[2023-01-19T17:23:27.343] [INFO] info - ===========GET params:{"state":"1","pageNum":"1","pageSize":"10"}
[2023-01-19T17:23:27.344] [INFO] info - ===========POST params:{}
[2023-01-19T17:26:20.310] [INFO] info - ===========GET params:{"state":"1","pageNum":"1","pageSize":"10"}
[2023-01-19T17:26:20.311] [INFO] info - ===========POST params:{}
[2023-01-20T00:25:15.115] [INFO] info - ===========GET params:{"state":"1","pageNum":"1","pageSize":"10"}
[2023-01-20T00:25:15.117] [INFO] info - ===========POST params:{}
[2023-01-20T16:09:08.858] [INFO] info - ===========GET params:{"state":"1","pageNum":"1","pageSize":"10"}
[2023-01-20T16:09:08.859] [INFO] info - ===========POST params:{}
[2023-01-20T16:12:14.783] [INFO] info - ===========GET params:{"state":"1","pageNum":"1","pageSize":"10"}
[2023-01-20T16:12:14.783] [INFO] info - ===========POST params:{}
[2023-01-20T16:12:54.866] [INFO] info - ===========GET params:{"state":"1","pageNum":"1","pageSize":"7"}
[2023-01-20T16:12:54.867] [INFO] info - ===========POST params:{}
[2023-01-20T16:12:59.410] [INFO] info - ===========GET params:{"state":"1","pageNum":"1","pageSize":"8"}
[2023-01-20T16:12:59.411] [INFO] info - ===========POST params:{}
[2023-01-20T16:13:03.001] [INFO] info - ===========GET params:{"state":"1","pageNum":"1","pageSize":"9"}
[2023-01-20T16:13:03.002] [INFO] info - ===========POST params:{}
[2023-01-20T16:13:06.692] [INFO] info - ===========GET params:{"state":"1","pageNum":"1","pageSize":"8"}
[2023-01-20T16:13:06.692] [INFO] info - ===========POST params:{}
[2023-01-20T16:13:26.320] [INFO] info - ===========GET params:{"state":"1","pageNum":"1","pageSize":"10"}
[2023-01-20T16:13:26.321] [INFO] info - ===========POST params:{}
[2023-01-20T16:13:28.308] [INFO] info - ===========GET params:{"state":"1","pageNum":"1","pageSize":"1"}
[2023-01-20T16:13:28.309] [INFO] info - ===========POST params:{}
[2023-01-20T16:13:29.216] [INFO] info - ===========GET params:{"state":"1","pageNum":"1","pageSize":"9"}
[2023-01-20T16:13:29.217] [INFO] info - ===========POST params:{}
[2023-01-20T16:13:34.907] [INFO] info - ===========GET params:{"state":"1","pageNum":"1","pageSize":"10"}
[2023-01-20T16:13:34.907] [INFO] info - ===========POST params:{}
[2023-01-20T16:13:54.584] [INFO] info - ===========GET params:{"state":"1","pageNum":"2","pageSize":"10","total":"11"}
[2023-01-20T16:13:54.585] [INFO] info - ===========POST params:{}
[2023-01-20T16:13:57.348] [INFO] info - ===========GET params:{"state":"1","pageNum":"1","pageSize":"10","total":"11"}
[2023-01-20T16:13:57.348] [INFO] info - ===========POST params:{}
[2023-01-20T18:14:53.054] [INFO] info - ===========GET params:{"state":"1","pageNum":"1","pageSize":"10"}
[2023-01-20T18:14:53.055] [INFO] info - ===========POST params:{}
[2023-01-20T19:10:10.643] [INFO] info - ===========GET params:{"state":"1","pageNum":"1","pageSize":"10"}
[2023-01-20T19:10:10.644] [INFO] info - ===========POST params:{}
[2023-01-21T00:17:55.227] [INFO] info - ===========GET params:{"state":"1","pageNum":"1","pageSize":"10"}
[2023-01-21T00:17:55.228] [INFO] info - ===========POST params:{}
[2023-01-21T00:17:59.099] [INFO] info - ===========GET params:{"state":"1","pageNum":"1","pageSize":"10"}
[2023-01-21T00:17:59.099] [INFO] info - ===========POST params:{}
[2023-01-21T00:18:50.595] [INFO] info - ===========GET params:{"state":"1","pageNum":"1","pageSize":"10"}
[2023-01-21T00:18:50.595] [INFO] info - ===========POST params:{}
[2023-01-21T00:19:55.190] [INFO] info - ===========GET params:{"state":"1","pageNum":"1","pageSize":"10"}
[2023-01-21T00:19:55.191] [INFO] info - ===========POST params:{}
[2023-01-21T00:19:58.982] [INFO] info - ===========GET params:{"state":"1","pageNum":"1","pageSize":"10"}
[2023-01-21T00:19:58.982] [INFO] info - ===========POST params:{}
[2023-01-21T00:20:02.245] [INFO] info - ===========GET params:{"state":"1","pageNum":"2","pageSize":"10","total":"11"}
[2023-01-21T00:20:02.245] [INFO] info - ===========POST params:{}
[2023-01-21T00:20:03.721] [INFO] info - ===========GET params:{"state":"1","pageNum":"1","pageSize":"10","total":"11"}
[2023-01-21T00:20:03.721] [INFO] info - ===========POST params:{}
[2023-01-21T00:20:16.295] [INFO] info - ===========GET params:{"state":"1","pageNum":"1","pageSize":"10"}
[2023-01-21T00:20:16.295] [INFO] info - ===========POST params:{}
[2023-01-21T00:22:48.745] [INFO] info - ===========GET params:{"state":"1","pageNum":"1","pageSize":"10"}
[2023-01-21T00:22:48.745] [INFO] info - ===========POST params:{}
[2023-01-21T00:23:20.274] [INFO] info - ===========GET params:{"state":"1","pageNum":"1","pageSize":"10"}
[2023-01-21T00:23:20.274] [INFO] info - ===========POST params:{}
[2023-01-21T00:23:46.538] [INFO] info - ===========GET params:{"state":"1","pageNum":"1","pageSize":"10"}
[2023-01-21T00:23:46.538] [INFO] info - ===========POST params:{}
[2023-01-21T00:23:46.868] [INFO] info - ===========GET params:{"state":"1","pageNum":"1","pageSize":"10"}
[2023-01-21T00:23:46.868] [INFO] info - ===========POST params:{}
[2023-01-21T00:23:48.422] [INFO] info - ===========GET params:{"state":"1","pageNum":"1","pageSize":"10"}
[2023-01-21T00:23:48.422] [INFO] info - ===========POST params:{}
[2023-01-21T00:23:49.990] [INFO] info - ===========GET params:{"state":"1","pageNum":"1","pageSize":"10"}
[2023-01-21T00:23:49.990] [INFO] info - ===========POST params:{}
[2023-01-21T00:23:50.311] [INFO] info - ===========GET params:{"state":"1","pageNum":"1","pageSize":"10"}
[2023-01-21T00:23:50.312] [INFO] info - ===========POST params:{}
[2023-01-21T00:23:51.216] [INFO] info - ===========GET params:{"state":"1","pageNum":"1","pageSize":"10"}
[2023-01-21T00:23:51.216] [INFO] info - ===========POST params:{}
[2023-01-21T00:23:51.635] [INFO] info - ===========GET params:{"state":"1","pageNum":"1","pageSize":"10"}
[2023-01-21T00:23:51.636] [INFO] info - ===========POST params:{}
[2023-01-21T00:23:52.259] [INFO] info - ===========GET params:{"state":"1","pageNum":"1","pageSize":"10"}
[2023-01-21T00:23:52.260] [INFO] info - ===========POST params:{}
[2023-01-21T00:23:53.538] [INFO] info - ===========GET params:{"state":"1","pageNum":"1","pageSize":"10"}
[2023-01-21T00:23:53.538] [INFO] info - ===========POST params:{}
[2023-01-21T00:23:53.869] [INFO] info - ===========GET params:{"state":"1","pageNum":"1","pageSize":"10"}
[2023-01-21T00:23:53.869] [INFO] info - ===========POST params:{}
[2023-01-21T00:24:08.166] [INFO] info - ===========GET params:{"state":"1","pageNum":"1","pageSize":"10"}
[2023-01-21T00:24:08.166] [INFO] info - ===========POST params:{}
[2023-01-21T00:25:36.718] [INFO] info - ===========GET params:{"state":"1","pageNum":"1","pageSize":"10"}
[2023-01-21T00:25:36.718] [INFO] info - ===========POST params:{}
[2023-01-21T00:26:01.858] [INFO] info - ===========GET params:{"state":"1","pageNum":"1","pageSize":"10"}
[2023-01-21T00:26:01.859] [INFO] info - ===========POST params:{}
[2023-01-21T00:27:05.358] [INFO] info - ===========GET params:{"state":"1","pageNum":"1","pageSize":"10"}
[2023-01-21T00:27:05.358] [INFO] info - ===========POST params:{}
[2023-01-21T00:27:44.304] [INFO] info - ===========GET params:{"state":"1","pageNum":"1","pageSize":"10"}
[2023-01-21T00:27:44.306] [INFO] info - ===========POST params:{}
[2023-01-21T00:28:17.013] [INFO] info - ===========GET params:{"state":"1","pageNum":"1","pageSize":"9"}
[2023-01-21T00:28:17.014] [INFO] info - ===========POST params:{}
[2023-01-21T00:29:01.261] [INFO] info - ===========GET params:{"state":"1","pageNum":"1","pageSize":"9"}
[2023-01-21T00:29:01.261] [INFO] info - ===========POST params:{}
[2023-01-21T00:29:48.748] [INFO] info - ===========GET params:{"state":"1","pageNum":"1","pageSize":"9"}
[2023-01-21T00:29:48.748] [INFO] info - ===========POST params:{}
[2023-01-21T00:30:02.396] [INFO] info - ===========GET params:{"state":"1","pageNum":"1","pageSize":"9"}
[2023-01-21T00:30:02.397] [INFO] info - ===========POST params:{}
[2023-01-21T00:30:43.337] [INFO] info - ===========GET params:{"state":"1","pageNum":"1","pageSize":"9"}
[2023-01-21T00:30:43.337] [INFO] info - ===========POST params:{}
[2023-01-21T00:31:05.902] [INFO] info - ===========GET params:{"state":"1","pageNum":"1","pageSize":"9"}
[2023-01-21T00:31:05.902] [INFO] info - ===========POST params:{}
[2023-01-21T00:31:27.426] [INFO] info - ===========GET params:{"state":"1","pageNum":"1","pageSize":"9"}
[2023-01-21T00:31:27.426] [INFO] info - ===========POST params:{}
[2023-01-21T00:32:03.712] [INFO] info - ===========GET params:{"state":"1","pageNum":"1","pageSize":"9"}
[2023-01-21T00:32:03.713] [INFO] info - ===========POST params:{}
[2023-01-21T00:32:23.099] [INFO] info - ===========GET params:{"state":"1","pageNum":"1","pageSize":"9"}
[2023-01-21T00:32:23.100] [INFO] info - ===========POST params:{}
[2023-01-21T00:34:27.187] [INFO] info - ===========GET params:{"state":"1","pageNum":"1","pageSize":"9"}
[2023-01-21T00:34:27.188] [INFO] info - ===========POST params:{}
[2023-01-21T00:35:51.365] [INFO] info - ===========GET params:{"state":"1","pageNum":"1","pageSize":"9"}
[2023-01-21T00:35:51.365] [INFO] info - ===========POST params:{}
[2023-01-21T00:36:09.577] [INFO] info - ===========GET params:{"state":"1","pageNum":"1","pageSize":"9"}
[2023-01-21T00:36:09.577] [INFO] info - ===========POST params:{}
[2023-01-21T00:37:23.955] [INFO] info - ===========GET params:{"state":"1","pageNum":"1","pageSize":"9"}
[2023-01-21T00:37:23.956] [INFO] info - ===========POST params:{}
[2023-01-21T00:38:30.771] [INFO] info - ===========GET params:{"state":"1","pageNum":"1","pageSize":"9"}
[2023-01-21T00:38:30.771] [INFO] info - ===========POST params:{}
[2023-01-21T00:38:46.158] [INFO] info - ===========GET params:{"state":"1","pageNum":"1","pageSize":"9"}
[2023-01-21T00:38:46.158] [INFO] info - ===========POST params:{}
[2023-01-21T00:48:45.122] [INFO] info - ===========GET params:{"state":"1","pageNum":"1","pageSize":"10"}
[2023-01-21T00:48:45.122] [INFO] info - ===========POST params:{}
[2023-01-21T00:49:01.187] [INFO] info - ===========GET params:{"state":"1","pageNum":"1","pageSize":"10"}
[2023-01-21T00:49:01.188] [INFO] info - ===========POST params:{}
[2023-01-21T00:49:20.665] [INFO] info - ===========GET params:{"state":"1","pageNum":"1","pageSize":"10"}
[2023-01-21T00:49:20.666] [INFO] info - ===========POST params:{}
[2023-01-21T00:49:35.294] [INFO] info - ===========GET params:{"state":"1","pageNum":"1","pageSize":"10"}
[2023-01-21T00:49:35.294] [INFO] info - ===========POST params:{}
[2023-01-21T00:49:52.742] [INFO] info - ===========GET params:{"state":"1","pageNum":"1","pageSize":"10"}
[2023-01-21T00:49:52.743] [INFO] info - ===========POST params:{}
[2023-01-21T00:50:02.886] [INFO] info - ===========GET params:{"state":"1","pageNum":"1","pageSize":"10"}
[2023-01-21T00:50:02.887] [INFO] info - ===========POST params:{}
[2023-01-21T00:50:22.255] [INFO] info - ===========GET params:{"state":"1","pageNum":"1","pageSize":"10"}
[2023-01-21T00:50:22.256] [INFO] info - ===========POST params:{}
[2023-01-21T00:50:31.059] [INFO] info - ===========GET params:{"state":"1","pageNum":"1","pageSize":"10"}
[2023-01-21T00:50:31.060] [INFO] info - ===========POST params:{}
[2023-01-21T00:51:07.647] [INFO] info - ===========GET params:{"state":"1","pageNum":"1","pageSize":"10"}
[2023-01-21T00:51:07.648] [INFO] info - ===========POST params:{}
[2023-01-21T00:51:57.474] [INFO] info - ===========GET params:{"state":"1","pageNum":"1","pageSize":"10"}
[2023-01-21T00:51:57.474] [INFO] info - ===========POST params:{}
[2023-01-21T00:52:05.288] [INFO] info - ===========GET params:{"state":"1","pageNum":"1","pageSize":"10"}
[2023-01-21T00:52:05.288] [INFO] info - ===========POST params:{}
[2023-01-21T00:54:16.140] [INFO] info - ===========GET params:{"state":"1","pageNum":"1","pageSize":"10"}
[2023-01-21T00:54:16.140] [INFO] info - ===========POST params:{}
[2023-01-21T00:55:45.741] [INFO] info - ===========GET params:{"state":"1","pageNum":"1","pageSize":"10"}
[2023-01-21T00:55:45.741] [INFO] info - ===========POST params:{}
[2023-01-21T00:56:01.478] [INFO] info - ===========GET params:{"state":"1","pageNum":"1","pageSize":"10"}
[2023-01-21T00:56:01.479] [INFO] info - ===========POST params:{}
[2023-01-21T00:56:43.578] [INFO] info - ===========GET params:{"state":"1","pageNum":"1","pageSize":"10"}
[2023-01-21T00:56:43.578] [INFO] info - ===========POST params:{}
[2023-01-21T00:56:57.890] [INFO] info - ===========GET params:{"state":"1","pageNum":"1","pageSize":"10"}
[2023-01-21T00:56:57.890] [INFO] info - ===========POST params:{}
[2023-01-21T00:57:31.065] [INFO] info - ===========GET params:{"state":"1","pageNum":"1","pageSize":"10"}
[2023-01-21T00:57:31.065] [INFO] info - ===========POST params:{}
[2023-01-21T00:58:12.873] [INFO] info - ===========GET params:{"state":"1","pageNum":"1","pageSize":"10"}
[2023-01-21T00:58:12.874] [INFO] info - ===========POST params:{}
[2023-01-21T00:58:42.218] [INFO] info - ===========GET params:{"state":"1","pageNum":"1","pageSize":"10"}
[2023-01-21T00:58:42.219] [INFO] info - ===========POST params:{}
[2023-01-21T00:59:24.684] [INFO] info - ===========GET params:{"state":"1","pageNum":"1","pageSize":"10"}
[2023-01-21T00:59:24.684] [INFO] info - ===========POST params:{}
[2023-01-21T00:59:40.439] [INFO] info - ===========GET params:{"state":"1","pageNum":"1","pageSize":"10"}
[2023-01-21T00:59:40.439] [INFO] info - ===========POST params:{}
[2023-01-21T01:03:15.818] [INFO] info - ===========GET params:{"state":"1","pageNum":"1","pageSize":"10"}
[2023-01-21T01:03:15.819] [INFO] info - ===========POST params:{}
[2023-01-21T01:03:43.795] [INFO] info - ===========GET params:{"state":"1","pageNum":"1","pageSize":"9"}
[2023-01-21T01:03:43.795] [INFO] info - ===========POST params:{}
[2023-01-21T01:05:06.401] [INFO] info - ===========GET params:{"state":"1","userId":"æˆ‘","pageNum":"1","pageSize":"9","total":"11"}
[2023-01-21T01:05:06.402] [INFO] info - ===========POST params:{}
[2023-01-21T01:05:09.813] [INFO] info - ===========GET params:{"state":"1","userId":"","pageNum":"1","pageSize":"9","total":"11"}
[2023-01-21T01:05:09.814] [INFO] info - ===========POST params:{}
[2023-01-21T01:05:35.026] [INFO] info - ===========GET params:{"state":"1","pageNum":"1","pageSize":"10"}
[2023-01-21T01:05:35.026] [INFO] info - ===========POST params:{}
[2023-01-21T01:05:42.196] [INFO] info - ===========GET params:{"state":"1","pageNum":"1","pageSize":"9"}
[2023-01-21T01:05:42.196] [INFO] info - ===========POST params:{}
[2023-01-21T01:05:43.541] [INFO] info - ===========GET params:{"state":"1","pageNum":"1","pageSize":"10"}
[2023-01-21T01:05:43.541] [INFO] info - ===========POST params:{}
[2023-01-21T01:05:46.749] [INFO] info - ===========GET params:{"state":"1","pageNum":"1","pageSize":"10"}
[2023-01-21T01:05:46.749] [INFO] info - ===========POST params:{}
[2023-01-21T01:05:56.369] [INFO] info - ===========GET params:{"state":"1","pageNum":"1","pageSize":"10"}
[2023-01-21T01:05:56.370] [INFO] info - ===========POST params:{}
[2023-01-21T01:05:58.569] [INFO] info - ===========GET params:{"state":"1","pageNum":"1","pageSize":"10"}
[2023-01-21T01:05:58.569] [INFO] info - ===========POST params:{}
[2023-01-21T01:06:31.027] [INFO] info - ===========GET params:{"state":"1","pageNum":"1","pageSize":"10"}
[2023-01-21T01:06:31.027] [INFO] info - ===========POST params:{}
[2023-01-21T01:06:38.377] [INFO] info - ===========GET params:{"state":"1","pageNum":"1","pageSize":"10"}
[2023-01-21T01:06:38.377] [INFO] info - ===========POST params:{}
[2023-01-21T01:06:41.510] [INFO] info - ===========GET params:{"state":"1","pageNum":"2","pageSize":"10","total":"11"}
[2023-01-21T01:06:41.511] [INFO] info - ===========POST params:{}
[2023-01-21T01:06:42.637] [INFO] info - ===========GET params:{"state":"1","pageNum":"1","pageSize":"10","total":"11"}
[2023-01-21T01:06:42.637] [INFO] info - ===========POST params:{}
[2023-01-21T01:06:49.478] [INFO] info - ===========GET params:{"state":"1","pageNum":"1","pageSize":"10"}
[2023-01-21T01:06:49.478] [INFO] info - ===========POST params:{}
[2023-01-21T01:06:54.380] [INFO] info - ===========GET params:{"state":"1","pageNum":"1","pageSize":"10"}
[2023-01-21T01:06:54.381] [INFO] info - ===========POST params:{}
[2023-01-21T01:06:59.878] [INFO] info - ===========GET params:{"state":"1","pageNum":"1","pageSize":"10"}
[2023-01-21T01:06:59.878] [INFO] info - ===========POST params:{}
[2023-01-21T01:07:01.314] [INFO] info - ===========GET params:{"state":"1","pageNum":"1","pageSize":"10"}
[2023-01-21T01:07:01.314] [INFO] info - ===========POST params:{}
[2023-01-21T01:08:39.380] [INFO] info - ===========GET params:{"state":"1","pageNum":"1","pageSize":"10"}
[2023-01-21T01:08:39.380] [INFO] info - ===========POST params:{}
[2023-01-21T01:09:11.229] [INFO] info - ===========GET params:{"state":"1","pageNum":"1","pageSize":"10"}
[2023-01-21T01:09:11.230] [INFO] info - ===========POST params:{}
[2023-01-21T01:09:27.851] [INFO] info - ===========GET params:{"state":"1","pageNum":"1","pageSize":"10"}
[2023-01-21T01:09:27.851] [INFO] info - ===========POST params:{}
[2023-01-21T01:09:47.461] [INFO] info - ===========GET params:{"state":"1","pageNum":"1","pageSize":"10"}
[2023-01-21T01:09:47.461] [INFO] info - ===========POST params:{}
[2023-01-21T01:10:27.707] [INFO] info - ===========GET params:{"state":"1","pageNum":"1","pageSize":"10"}
[2023-01-21T01:10:27.707] [INFO] info - ===========POST params:{}
[2023-01-21T01:10:28.967] [INFO] info - ===========GET params:{"state":"1","pageNum":"1","pageSize":"10"}
[2023-01-21T01:10:28.967] [INFO] info - ===========POST params:{}
[2023-01-21T01:10:34.524] [INFO] info - ===========GET params:{"state":"1","pageNum":"1","pageSize":"10"}
[2023-01-21T01:10:34.524] [INFO] info - ===========POST params:{}
[2023-01-21T01:10:36.184] [INFO] info - ===========GET params:{"state":"1","pageNum":"1","pageSize":"10"}
[2023-01-21T01:10:36.184] [INFO] info - ===========POST params:{}
[2023-01-21T01:10:40.433] [INFO] info - ===========GET params:{"state":"1","pageNum":"1","pageSize":"10"}
[2023-01-21T01:10:40.434] [INFO] info - ===========POST params:{}
[2023-01-21T01:10:50.141] [INFO] info - ===========GET params:{"state":"1","pageNum":"1","pageSize":"10"}
[2023-01-21T01:10:50.142] [INFO] info - ===========POST params:{}
[2023-01-21T01:10:53.517] [INFO] info - ===========GET params:{"state":"1","pageNum":"1","pageSize":"10"}
[2023-01-21T01:10:53.518] [INFO] info - ===========POST params:{}
[2023-01-21T01:10:55.723] [INFO] info - ===========GET params:{"state":"1","pageNum":"1","pageSize":"10"}
[2023-01-21T01:10:55.724] [INFO] info - ===========POST params:{}
[2023-01-21T01:10:56.392] [INFO] info - ===========GET params:{"state":"1","pageNum":"1","pageSize":"10"}
[2023-01-21T01:10:56.393] [INFO] info - ===========POST params:{}
[2023-01-21T01:11:22.139] [INFO] info - ===========GET params:{"state":"1","pageNum":"1","pageSize":"10"}
[2023-01-21T01:11:22.139] [INFO] info - ===========POST params:{}
[2023-01-21T01:11:23.183] [INFO] info - ===========GET params:{"state":"1","pageNum":"1","pageSize":"10"}
[2023-01-21T01:11:23.183] [INFO] info - ===========POST params:{}
[2023-01-21T01:11:23.832] [INFO] info - ===========GET params:{"state":"1","pageNum":"1","pageSize":"10"}
[2023-01-21T01:11:23.832] [INFO] info - ===========POST params:{}
[2023-01-21T01:11:33.051] [INFO] info - ===========GET params:{"state":"1","pageNum":"1","pageSize":"10"}
[2023-01-21T01:11:33.052] [INFO] info - ===========POST params:{}
[2023-01-21T01:11:33.864] [INFO] info - ===========GET params:{"state":"1","pageNum":"1","pageSize":"10"}
[2023-01-21T01:11:33.864] [INFO] info - ===========POST params:{}
[2023-01-21T01:11:37.256] [INFO] info - ===========GET params:{"state":"1","pageNum":"1","pageSize":"10"}
[2023-01-21T01:11:37.256] [INFO] info - ===========POST params:{}
[2023-01-21T01:11:38.162] [INFO] info - ===========GET params:{"state":"1","pageNum":"1","pageSize":"10"}
[2023-01-21T01:11:38.162] [INFO] info - ===========POST params:{}
[2023-01-21T01:11:39.137] [INFO] info - ===========GET params:{"state":"1","pageNum":"1","pageSize":"10"}
[2023-01-21T01:11:39.137] [INFO] info - ===========POST params:{}
[2023-01-21T01:11:40.914] [INFO] info - ===========GET params:{"state":"1","pageNum":"1","pageSize":"10"}
[2023-01-21T01:11:40.914] [INFO] info - ===========POST params:{}
[2023-01-21T01:11:48.323] [INFO] info - ===========GET params:{"state":"1","pageNum":"1","pageSize":"10"}
[2023-01-21T01:11:48.323] [INFO] info - ===========POST params:{}
[2023-01-21T01:11:49.612] [INFO] info - ===========GET params:{"state":"1","pageNum":"1","pageSize":"10"}
[2023-01-21T01:11:49.612] [INFO] info - ===========POST params:{}
[2023-01-21T01:11:53.079] [INFO] info - ===========GET params:{"state":"1","pageNum":"1","pageSize":"10"}
[2023-01-21T01:11:53.080] [INFO] info - ===========POST params:{}
[2023-01-21T01:11:54.449] [INFO] info - ===========GET params:{"state":"1","pageNum":"1","pageSize":"10"}
[2023-01-21T01:11:54.449] [INFO] info - ===========POST params:{}
[2023-01-21T01:11:55.721] [INFO] info - ===========GET params:{"state":"1","pageNum":"1","pageSize":"10"}
[2023-01-21T01:11:55.722] [INFO] info - ===========POST params:{}
[2023-01-21T01:12:25.957] [INFO] info - ===========GET params:{"state":"1","pageNum":"1","pageSize":"10"}
[2023-01-21T01:12:25.957] [INFO] info - ===========POST params:{}
[2023-01-21T01:12:39.667] [INFO] info - ===========GET params:{"state":"1","pageNum":"1","pageSize":"10"}
[2023-01-21T01:12:39.667] [INFO] info - ===========POST params:{}
[2023-01-21T01:12:40.290] [INFO] info - ===========GET params:{"state":"1","pageNum":"1","pageSize":"10"}
[2023-01-21T01:12:40.290] [INFO] info - ===========POST params:{}
[2023-01-21T01:12:40.916] [INFO] info - ===========GET params:{"state":"1","pageNum":"1","pageSize":"10"}
[2023-01-21T01:12:40.916] [INFO] info - ===========POST params:{}
[2023-01-21T01:12:42.053] [INFO] info - ===========GET params:{"state":"1","pageNum":"1","pageSize":"10"}
[2023-01-21T01:12:42.053] [INFO] info - ===========POST params:{}
[2023-01-21T01:12:43.830] [INFO] info - ===========GET params:{"state":"1","pageNum":"1","pageSize":"10"}
[2023-01-21T01:12:43.831] [INFO] info - ===========POST params:{}
[2023-01-21T01:12:47.268] [INFO] info - ===========GET params:{"state":"1","pageNum":"1","pageSize":"10"}
[2023-01-21T01:12:47.269] [INFO] info - ===========POST params:{}
[2023-01-21T01:12:51.960] [INFO] info - ===========GET params:{"state":"1","pageNum":"1","pageSize":"10"}
[2023-01-21T01:12:51.961] [INFO] info - ===========POST params:{}
[2023-01-21T01:12:52.657] [INFO] info - ===========GET params:{"state":"1","pageNum":"1","pageSize":"10"}
[2023-01-21T01:12:52.657] [INFO] info - ===========POST params:{}
[2023-01-21T01:12:55.081] [INFO] info - ===========GET params:{"state":"1","pageNum":"1","pageSize":"10"}
[2023-01-21T01:12:55.082] [INFO] info - ===========POST params:{}
[2023-01-21T01:12:56.351] [INFO] info - ===========GET params:{"state":"1","pageNum":"1","pageSize":"10"}
[2023-01-21T01:12:56.351] [INFO] info - ===========POST params:{}
[2023-01-21T01:13:02.740] [INFO] info - ===========GET params:{"state":"1","pageNum":"1","pageSize":"10"}
[2023-01-21T01:13:02.741] [INFO] info - ===========POST params:{}
[2023-01-21T01:13:05.255] [INFO] info - ===========GET params:{"state":"1","pageNum":"1","pageSize":"10"}
[2023-01-21T01:13:05.256] [INFO] info - ===========POST params:{}
[2023-01-21T01:13:14.408] [INFO] info - ===========GET params:{"state":"1","pageNum":"1","pageSize":"10"}
[2023-01-21T01:13:14.408] [INFO] info - ===========POST params:{}
[2023-01-21T01:13:15.060] [INFO] info - ===========GET params:{"state":"1","pageNum":"1","pageSize":"10"}
[2023-01-21T01:13:15.060] [INFO] info - ===========POST params:{}
[2023-01-21T01:13:17.397] [INFO] info - ===========GET params:{"state":"1","pageNum":"1","pageSize":"10"}
[2023-01-21T01:13:17.397] [INFO] info - ===========POST params:{}
[2023-01-21T01:13:33.872] [INFO] info - ===========GET params:{"state":"1","pageNum":"1","pageSize":"10"}
[2023-01-21T01:13:33.872] [INFO] info - ===========POST params:{}
[2023-01-21T01:13:34.118] [INFO] info - ===========GET params:{"state":"1","pageNum":"1","pageSize":"10"}
[2023-01-21T01:13:34.118] [INFO] info - ===========POST params:{}
[2023-01-21T01:13:38.359] [INFO] info - ===========GET params:{"state":"1","pageNum":"1","pageSize":"10"}
[2023-01-21T01:13:38.360] [INFO] info - ===========POST params:{}
[2023-01-21T01:13:39.418] [INFO] info - ===========GET params:{"state":"1","pageNum":"1","pageSize":"10"}
[2023-01-21T01:13:39.418] [INFO] info - ===========POST params:{}
[2023-01-21T01:13:40.835] [INFO] info - ===========GET params:{"state":"1","pageNum":"1","pageSize":"10"}
[2023-01-21T01:13:40.835] [INFO] info - ===========POST params:{}
[2023-01-21T01:13:42.348] [INFO] info - ===========GET params:{"state":"1","pageNum":"1","pageSize":"10"}
[2023-01-21T01:13:42.348] [INFO] info - ===========POST params:{}
[2023-01-21T01:14:20.480] [INFO] info - ===========GET params:{"state":"1","pageNum":"1","pageSize":"10"}
[2023-01-21T01:14:20.480] [INFO] info - ===========POST params:{}
[2023-01-21T01:15:12.650] [INFO] info - ===========GET params:{"state":"1","pageNum":"1","pageSize":"10"}
[2023-01-21T01:15:12.650] [INFO] info - ===========POST params:{}
[2023-01-21T01:15:39.035] [INFO] info - ===========GET params:{"state":"1","pageNum":"1","pageSize":"10"}
[2023-01-21T01:15:39.035] [INFO] info - ===========POST params:{}
[2023-01-21T01:19:31.795] [INFO] info - ===========GET params:{"state":"1","pageNum":"1","pageSize":"10"}
[2023-01-21T01:19:31.795] [INFO] info - ===========POST params:{}
[2023-01-21T01:20:20.753] [INFO] info - ===========GET params:{"state":"1","pageNum":"1","pageSize":"10"}
[2023-01-21T01:20:20.753] [INFO] info - ===========POST params:{}
[2023-01-21T01:22:05.227] [INFO] info - ===========GET params:{"state":"1","pageNum":"1","pageSize":"10"}
[2023-01-21T01:22:05.227] [INFO] info - ===========POST params:{}
[2023-01-21T01:26:30.478] [INFO] info - ===========GET params:{"state":"1","pageNum":"1","pageSize":"10"}
[2023-01-21T01:26:30.478] [INFO] info - ===========POST params:{}
[2023-01-21T01:26:50.618] [INFO] info - ===========GET params:{"state":"1","pageNum":"1","pageSize":"10"}
[2023-01-21T01:26:50.619] [INFO] info - ===========POST params:{}
[2023-01-21T01:27:01.096] [INFO] info - ===========GET params:{"state":"1","pageNum":"1","pageSize":"10"}
[2023-01-21T01:27:01.096] [INFO] info - ===========POST params:{}
[2023-01-21T01:27:35.894] [INFO] info - ===========GET params:{"state":"1","pageNum":"1","pageSize":"10"}
[2023-01-21T01:27:35.894] [INFO] info - ===========POST params:{}
[2023-01-21T01:28:00.855] [INFO] info - ===========GET params:{"state":"1","pageNum":"1","pageSize":"10"}
[2023-01-21T01:28:00.856] [INFO] info - ===========POST params:{}
[2023-01-21T01:28:22.445] [INFO] info - ===========GET params:{"state":"1","pageNum":"1","pageSize":"10"}
[2023-01-21T01:28:22.445] [INFO] info - ===========POST params:{}
[2023-01-21T01:29:24.180] [INFO] info - ===========GET params:{"state":"1","pageNum":"1","pageSize":"10"}
[2023-01-21T01:29:24.181] [INFO] info - ===========POST params:{}
[2023-01-21T01:30:13.389] [INFO] info - ===========GET params:{"state":"1","pageNum":"1","pageSize":"10"}
[2023-01-21T01:30:13.389] [INFO] info - ===========POST params:{}
[2023-01-21T01:32:51.899] [INFO] info - ===========GET params:{"state":"1","pageNum":"1","pageSize":"10"}
[2023-01-21T01:32:51.900] [INFO] info - ===========POST params:{}
[2023-01-21T01:33:27.380] [INFO] info - ===========GET params:{"state":"1","pageNum":"1","pageSize":"10"}
[2023-01-21T01:33:27.380] [INFO] info - ===========POST params:{}
[2023-01-21T01:33:28.712] [INFO] info - ===========GET params:{"state":"1","pageNum":"1","pageSize":"10"}
[2023-01-21T01:33:28.712] [INFO] info - ===========POST params:{}
[2023-01-21T02:12:43.743] [INFO] info - ===========GET params:{}
[2023-01-21T02:12:43.745] [INFO] info - ===========POST params:{}
[2023-01-21T02:12:43.799] [INFO] info - ===========GET params:{}
[2023-01-21T02:12:43.800] [INFO] info - ===========POST params:{}
[2023-01-21T02:12:47.523] [INFO] info - ===========GET params:{}
[2023-01-21T02:12:47.524] [INFO] info - ===========POST params:{}
[2023-01-21T02:12:47.539] [INFO] info - ===========GET params:{}
[2023-01-21T02:12:47.540] [INFO] info - ===========POST params:{}
[2023-01-21T02:13:15.036] [INFO] info - ===========GET params:{}
[2023-01-21T02:13:15.037] [INFO] info - ===========POST params:{}
[2023-01-21T02:13:15.109] [INFO] info - ===========GET params:{}
[2023-01-21T02:13:15.110] [INFO] info - ===========POST params:{}
[2023-01-21T02:19:07.857] [INFO] info - ===========GET params:{}
[2023-01-21T02:19:07.858] [INFO] info - ===========POST params:{}
[2023-01-21T02:19:07.931] [INFO] info - ===========GET params:{}
[2023-01-21T02:19:07.932] [INFO] info - ===========POST params:{}
[2023-01-21T02:19:44.256] [INFO] info - ===========GET params:{}
[2023-01-21T02:19:44.257] [INFO] info - ===========POST params:{}
[2023-01-21T02:19:44.314] [INFO] info - ===========GET params:{}
[2023-01-21T02:19:44.315] [INFO] info - ===========POST params:{}
[2023-01-21T02:19:45.756] [INFO] info - ===========GET params:{}
[2023-01-21T02:19:45.757] [INFO] info - ===========POST params:{}
[2023-01-21T02:19:45.772] [INFO] info - ===========GET params:{}
[2023-01-21T02:19:45.773] [INFO] info - ===========POST params:{}
[2023-01-21T02:32:17.336] [INFO] info - ===========GET params:{"state":"1","pageNum":"1","pageSize":"10"}
[2023-01-21T02:32:17.337] [INFO] info - ===========POST params:{}
[2023-01-21T02:34:19.012] [INFO] info - ===========GET params:{"state":"1","pageNum":"1","pageSize":"10"}
[2023-01-21T02:34:19.012] [INFO] info - ===========POST params:{}
[2023-01-21T02:34:25.112] [INFO] info - ===========GET params:{"state":"1","pageNum":"1","pageSize":"10"}
[2023-01-21T02:34:25.112] [INFO] info - ===========POST params:{}
[2023-01-21T02:34:52.742] [INFO] info - ===========GET params:{"state":"1","pageNum":"1","pageSize":"10"}
[2023-01-21T02:34:52.742] [INFO] info - ===========POST params:{}
[2023-01-21T02:35:05.035] [INFO] info - ===========GET params:{"state":"1","pageNum":"1","pageSize":"10"}
[2023-01-21T02:35:05.035] [INFO] info - ===========POST params:{}
[2023-01-21T02:45:42.688] [INFO] info - ===========GET params:{"state":"1","pageNum":"1","pageSize":"10"}
[2023-01-21T02:45:42.688] [INFO] info - ===========POST params:{}
[2023-01-21T02:45:43.660] [INFO] info - ===========GET params:{"state":"1","pageNum":"1","pageSize":"10"}
[2023-01-21T02:45:43.661] [INFO] info - ===========POST params:{}
[2023-01-21T02:45:45.705] [INFO] info - ===========GET params:{"state":"1","pageNum":"1","pageSize":"10"}
[2023-01-21T02:45:45.706] [INFO] info - ===========POST params:{}
[2023-01-21T02:55:09.548] [INFO] info - ===========GET params:{"state":"1","pageNum":"1","pageSize":"10"}
[2023-01-21T02:55:09.549] [INFO] info - ===========POST params:{}
[2023-01-21T03:04:57.523] [INFO] info - ===========GET params:{"state":"1","pageNum":"1","pageSize":"10"}
[2023-01-21T03:04:57.524] [INFO] info - ===========POST params:{}
[2023-01-21T03:06:16.654] [INFO] info - ===========GET params:{"state":"1","pageNum":"1","pageSize":"10"}
[2023-01-21T03:06:16.655] [INFO] info - ===========POST params:{}
[2023-01-21T03:10:22.978] [INFO] info - ===========GET params:{"state":"1","pageNum":"1","pageSize":"10"}
[2023-01-21T03:10:22.979] [INFO] info - ===========POST params:{}
[2023-01-21T03:11:39.216] [INFO] info - ===========GET params:{"state":"1","pageNum":"1","pageSize":"10"}
[2023-01-21T03:11:39.216] [INFO] info - ===========POST params:{}
[2023-01-21T03:15:38.239] [INFO] info - ===========GET params:{"state":"1","pageNum":"1","pageSize":"10"}
[2023-01-21T03:15:38.239] [INFO] info - ===========POST params:{}
[2023-01-21T03:17:09.060] [INFO] info - ===========GET params:{"state":"1","pageNum":"1","pageSize":"10"}
[2023-01-21T03:17:09.061] [INFO] info - ===========POST params:{}
[2023-01-21T13:58:41.328] [INFO] info - ===========GET params:{"state":"1","pageNum":"1","pageSize":"10"}
[2023-01-21T13:58:41.329] [INFO] info - ===========POST params:{}
[2023-01-21T13:58:42.482] [INFO] info - ===========GET params:{"state":"1","pageNum":"1","pageSize":"10"}
[2023-01-21T13:58:42.483] [INFO] info - ===========POST params:{}
[2023-01-21T13:58:43.468] [INFO] info - ===========GET params:{"state":"1","pageNum":"1","pageSize":"10"}
[2023-01-21T13:58:43.469] [INFO] info - ===========POST params:{}
[2023-01-21T13:58:52.368] [INFO] info - ===========GET params:{"state":"1","pageNum":"1","pageSize":"10"}
[2023-01-21T13:58:52.369] [INFO] info - ===========POST params:{}
[2023-01-21T13:58:53.998] [INFO] info - ===========GET params:{"state":"1","pageNum":"1","pageSize":"10"}
[2023-01-21T13:58:53.998] [INFO] info - ===========POST params:{}
[2023-01-21T13:59:42.803] [INFO] info - ===========GET params:{"state":"1","pageNum":"1","pageSize":"10"}
[2023-01-21T13:59:42.804] [INFO] info - ===========POST params:{}
[2023-01-21T14:00:06.987] [INFO] info - ===========GET params:{"state":"1","pageNum":"1","pageSize":"10"}
[2023-01-21T14:00:06.988] [INFO] info - ===========POST params:{}
[2023-01-21T14:00:10.338] [INFO] info - ===========GET params:{"state":"1","pageNum":"1","pageSize":"10"}
[2023-01-21T14:00:10.339] [INFO] info - ===========POST params:{}
[2023-01-21T14:01:14.663] [INFO] info - ===========GET params:{"state":"1","pageNum":"1","pageSize":"10"}
[2023-01-21T14:01:14.663] [INFO] info - ===========POST params:{}
[2023-01-21T14:01:30.830] [INFO] info - ===========GET params:{"state":"1","pageNum":"1","pageSize":"10"}
[2023-01-21T14:01:30.831] [INFO] info - ===========POST params:{}
[2023-01-21T14:01:49.956] [INFO] info - ===========GET params:{"state":"1","pageNum":"1","pageSize":"10"}
[2023-01-21T14:01:49.956] [INFO] info - ===========POST params:{}
[2023-01-21T14:04:49.764] [INFO] info - ===========GET params:{"state":"1","pageNum":"1","pageSize":"8"}
[2023-01-21T14:04:49.765] [INFO] info - ===========POST params:{}
[2023-01-21T14:04:51.707] [INFO] info - ===========GET params:{"state":"1","pageNum":"1","pageSize":"9"}
[2023-01-21T14:04:51.707] [INFO] info - ===========POST params:{}
[2023-01-21T14:05:50.708] [INFO] info - ===========GET params:{"state":"1","pageNum":"1","pageSize":"9"}
[2023-01-21T14:05:50.709] [INFO] info - ===========POST params:{}
[2023-01-21T14:06:46.433] [INFO] info - ===========GET params:{"state":"1","pageNum":"2","pageSize":"9","total":"11"}
[2023-01-21T14:06:46.433] [INFO] info - ===========POST params:{}
[2023-01-21T14:07:18.382] [INFO] info - ===========GET params:{"state":"1","pageNum":"1","pageSize":"9","total":"11"}
[2023-01-21T14:07:18.382] [INFO] info - ===========POST params:{}
[2023-01-21T14:08:15.784] [INFO] info - ===========GET params:{"state":"1","pageNum":"1","pageSize":"9"}
[2023-01-21T14:08:15.785] [INFO] info - ===========POST params:{}
[2023-01-21T14:11:32.770] [INFO] info - ===========GET params:{"state":"1","pageNum":"1","pageSize":"9"}
[2023-01-21T14:11:32.770] [INFO] info - ===========POST params:{}
[2023-01-21T14:11:47.289] [INFO] info - ===========GET params:{"state":"1","pageNum":"1","pageSize":"9"}
[2023-01-21T14:11:47.289] [INFO] info - ===========POST params:{}
[2023-01-21T14:12:14.724] [INFO] info - ===========GET params:{"state":"1","pageNum":"1","pageSize":"9"}
[2023-01-21T14:12:14.725] [INFO] info - ===========POST params:{}
[2023-01-21T14:14:51.245] [INFO] info - ===========GET params:{"state":"1","pageNum":"1","pageSize":"9"}
[2023-01-21T14:14:51.245] [INFO] info - ===========POST params:{}
[2023-01-21T14:15:27.070] [INFO] info - ===========GET params:{"state":"1","pageNum":"1","pageSize":"9"}
[2023-01-21T14:15:27.070] [INFO] info - ===========POST params:{}
[2023-01-21T14:15:32.806] [INFO] info - ===========GET params:{"state":"1","pageNum":"1","pageSize":"9"}
[2023-01-21T14:15:32.806] [INFO] info - ===========POST params:{}
[2023-01-21T14:15:52.421] [INFO] info - ===========GET params:{"state":"1","pageNum":"1","pageSize":"9"}
[2023-01-21T14:15:52.421] [INFO] info - ===========POST params:{}
[2023-01-21T14:16:20.544] [INFO] info - ===========GET params:{"state":"1","pageNum":"1","pageSize":"9"}
[2023-01-21T14:16:20.545] [INFO] info - ===========POST params:{}
[2023-01-21T14:16:49.184] [INFO] info - ===========GET params:{"state":"1","pageNum":"1","pageSize":"9"}
[2023-01-21T14:16:49.184] [INFO] info - ===========POST params:{}
[2023-01-21T14:17:20.083] [INFO] info - ===========GET params:{"state":"1","pageNum":"1","pageSize":"9"}
[2023-01-21T14:17:20.083] [INFO] info - ===========POST params:{}
[2023-01-21T14:17:39.590] [INFO] info - ===========GET params:{"state":"1","pageNum":"1","pageSize":"9"}
[2023-01-21T14:17:39.591] [INFO] info - ===========POST params:{}
[2023-01-21T14:17:45.183] [INFO] info - ===========GET params:{"state":"1","pageNum":"2","pageSize":"9","total":"11"}
[2023-01-21T14:17:45.183] [INFO] info - ===========POST params:{}
[2023-01-21T14:17:46.888] [INFO] info - ===========GET params:{"state":"1","pageNum":"1","pageSize":"9","total":"11"}
[2023-01-21T14:17:46.888] [INFO] info - ===========POST params:{}
[2023-01-21T14:20:57.917] [INFO] info - ===========GET params:{"state":"1","userName":"é•¿","pageNum":"1","pageSize":"9","total":"11"}
[2023-01-21T14:20:57.917] [INFO] info - ===========POST params:{}
[2023-01-21T14:21:00.405] [INFO] info - ===========GET params:{"state":"1","userName":"","pageNum":"1","pageSize":"9","total":"0"}
[2023-01-21T14:21:00.406] [INFO] info - ===========POST params:{}
[2023-01-21T14:21:05.101] [INFO] info - ===========GET params:{"state":"1","userName":"å­","pageNum":"1","pageSize":"9","total":"11"}
[2023-01-21T14:21:05.102] [INFO] info - ===========POST params:{}
[2023-01-21T14:21:06.769] [INFO] info - ===========GET params:{"state":"1","userName":"","pageNum":"1","pageSize":"9","total":"0"}
[2023-01-21T14:21:06.770] [INFO] info - ===========POST params:{}
[2023-01-21T14:24:04.636] [INFO] info - ===========GET params:{"state":"1","pageNum":"1","pageSize":"9"}
[2023-01-21T14:24:04.636] [INFO] info - ===========POST params:{}
[2023-01-21T14:24:42.092] [INFO] info - ===========GET params:{"state":"1","pageNum":"1","pageSize":"9"}
[2023-01-21T14:24:42.093] [INFO] info - ===========POST params:{}
[2023-01-21T14:24:49.843] [INFO] info - ===========GET params:{"state":"1","pageNum":"1","pageSize":"9"}
[2023-01-21T14:24:49.843] [INFO] info - ===========POST params:{}
[2023-01-21T16:12:42.688] [INFO] info - ===========GET params:{"state":"1","pageNum":"1","pageSize":"9"}
[2023-01-21T16:12:42.688] [INFO] info - ===========POST params:{}
[2023-01-21T16:49:38.127] [INFO] info - ===========GET params:{"state":"1","userId":"3","pageNum":"1","pageSize":"9","total":"11"}
[2023-01-21T16:49:38.127] [INFO] info - ===========POST params:{}
[2023-01-21T16:49:40.488] [INFO] info - ===========GET params:{"state":"1","pageNum":"1","pageSize":"9","total":"1"}
[2023-01-21T16:49:40.488] [INFO] info - ===========POST params:{}
[2023-01-21T16:50:04.305] [INFO] info - ===========GET params:{"state":"1","pageNum":"1","pageSize":"9"}
[2023-01-21T16:50:04.305] [INFO] info - ===========POST params:{}
[2023-01-21T16:50:13.328] [INFO] info - ===========GET params:{"state":"1","pageNum":"1","pageSize":"9"}
[2023-01-21T16:50:13.328] [INFO] info - ===========POST params:{}
[2023-01-21T16:50:14.416] [INFO] info - ===========GET params:{"state":"1","pageNum":"1","pageSize":"9"}
[2023-01-21T16:50:14.416] [INFO] info - ===========POST params:{}
[2023-01-21T16:50:18.188] [INFO] info - ===========GET params:{"state":"1","pageNum":"1","pageSize":"9"}
[2023-01-21T16:50:18.189] [INFO] info - ===========POST params:{}
[2023-01-21T16:50:18.982] [INFO] info - ===========GET params:{"state":"1","pageNum":"1","pageSize":"9"}
[2023-01-21T16:50:18.982] [INFO] info - ===========POST params:{}
[2023-01-21T16:50:19.929] [INFO] info - ===========GET params:{"state":"1","pageNum":"1","pageSize":"9"}
[2023-01-21T16:50:19.929] [INFO] info - ===========POST params:{}
[2023-01-21T16:50:21.559] [INFO] info - ===========GET params:{"state":"1","pageNum":"1","pageSize":"9"}
[2023-01-21T16:50:21.560] [INFO] info - ===========POST params:{}
[2023-01-21T16:50:21.906] [INFO] info - ===========GET params:{"state":"1","pageNum":"1","pageSize":"9"}
[2023-01-21T16:50:21.906] [INFO] info - ===========POST params:{}
[2023-01-21T16:50:27.976] [INFO] info - ===========GET params:{"state":"1","pageNum":"1","pageSize":"9"}
[2023-01-21T16:50:27.976] [INFO] info - ===========POST params:{}
[2023-01-21T16:50:29.752] [INFO] info - ===========GET params:{"state":"1","pageNum":"1","pageSize":"9"}
[2023-01-21T16:50:29.753] [INFO] info - ===========POST params:{}
[2023-01-21T16:50:33.173] [INFO] info - ===========GET params:{"state":"1","userId":"3","pageNum":"1","pageSize":"9","total":"11"}
[2023-01-21T16:50:33.173] [INFO] info - ===========POST params:{}
[2023-01-21T16:50:33.876] [INFO] info - ===========GET params:{"state":"1","pageNum":"1","pageSize":"9","total":"1"}
[2023-01-21T16:50:33.877] [INFO] info - ===========POST params:{}
[2023-01-21T16:52:54.156] [INFO] info - ===========GET params:{"state":"1","pageNum":"1","pageSize":"9"}
[2023-01-21T16:52:54.156] [INFO] info - ===========POST params:{}
[2023-01-21T16:57:17.127] [INFO] info - ===========GET params:{"state":"1","userId":"1","pageNum":"1","pageSize":"9","total":"11"}
[2023-01-21T16:57:17.127] [INFO] info - ===========POST params:{}
[2023-01-21T16:57:19.760] [INFO] info - ===========GET params:{"state":"1","userId":"","pageNum":"1","pageSize":"9","total":"1"}
[2023-01-21T16:57:19.761] [INFO] info - ===========POST params:{}
[2023-01-21T17:22:49.952] [INFO] info - ===========GET params:{"state":"1","pageNum":"1","pageSize":"9"}
[2023-01-21T17:22:49.952] [INFO] info - ===========POST params:{}
[2023-01-21T17:22:51.412] [INFO] info - ===========GET params:{"state":"1","pageNum":"1","pageSize":"9"}
[2023-01-21T17:22:51.412] [INFO] info - ===========POST params:{}
[2023-01-21T17:23:46.708] [INFO] info - ===========GET params:{"state":"1","pageNum":"1","pageSize":"9"}
[2023-01-21T17:23:46.709] [INFO] info - ===========POST params:{}
[2023-01-21T17:23:47.573] [INFO] info - ===========GET params:{"state":"1","pageNum":"1","pageSize":"9"}
[2023-01-21T17:23:47.574] [INFO] info - ===========POST params:{}
[2023-01-21T17:26:40.321] [INFO] info - ===========GET params:{"state":"1","pageNum":"1","pageSize":"9"}
[2023-01-21T17:26:40.322] [INFO] info - ===========POST params:{}
[2023-01-21T17:33:58.126] [INFO] info - ===========GET params:{"state":"1","pageNum":"1","pageSize":"9"}
[2023-01-21T17:33:58.127] [INFO] info - ===========POST params:{}
[2023-01-21T17:34:00.682] [INFO] info - ===========GET params:{"state":"1","pageNum":"1","pageSize":"9"}
[2023-01-21T17:34:00.682] [INFO] info - ===========POST params:{}
[2023-01-21T17:34:23.008] [INFO] info - ===========GET params:{"state":"1","pageNum":"1","pageSize":"9"}
[2023-01-21T17:34:23.009] [INFO] info - ===========POST params:{}
[2023-01-21T17:34:25.547] [INFO] info - ===========GET params:{"state":"1","pageNum":"1","pageSize":"9"}
[2023-01-21T17:34:25.547] [INFO] info - ===========POST params:{}
[2023-01-21T17:35:24.212] [INFO] info - ===========GET params:{"state":"1","pageNum":"1","pageSize":"9"}
[2023-01-21T17:35:24.213] [INFO] info - ===========POST params:{}
[2023-01-21T17:35:26.125] [INFO] info - ===========GET params:{"state":"1","pageNum":"1","pageSize":"9"}
[2023-01-21T17:35:26.125] [INFO] info - ===========POST params:{}
[2023-01-21T17:35:27.524] [INFO] info - ===========GET params:{"state":"1","pageNum":"1","pageSize":"9"}
[2023-01-21T17:35:27.524] [INFO] info - ===========POST params:{}
[2023-01-21T17:35:27.848] [INFO] info - ===========GET params:{"state":"1","pageNum":"1","pageSize":"9"}
[2023-01-21T17:35:27.849] [INFO] info - ===========POST params:{}
[2023-01-21T17:35:34.722] [INFO] info - ===========GET params:{"state":"1","pageNum":"1","pageSize":"9"}
[2023-01-21T17:35:34.723] [INFO] info - ===========POST params:{}
[2023-01-21T17:35:52.543] [INFO] info - ===========GET params:{"state":"1","pageNum":"1","pageSize":"9"}
[2023-01-21T17:35:52.543] [INFO] info - ===========POST params:{}
[2023-01-21T17:35:59.752] [INFO] info - ===========GET params:{"state":"1","pageNum":"1","pageSize":"9"}
[2023-01-21T17:35:59.752] [INFO] info - ===========POST params:{}
[2023-01-21T17:36:00.310] [INFO] info - ===========GET params:{"state":"1","pageNum":"1","pageSize":"9"}
[2023-01-21T17:36:00.311] [INFO] info - ===========POST params:{}
[2023-01-21T17:36:26.576] [INFO] info - ===========GET params:{"state":"1","pageNum":"1","pageSize":"9"}
[2023-01-21T17:36:26.576] [INFO] info - ===========POST params:{}
[2023-01-21T17:36:30.668] [INFO] info - ===========GET params:{"state":"1","pageNum":"1","pageSize":"9"}
[2023-01-21T17:36:30.669] [INFO] info - ===========POST params:{}
[2023-01-21T17:36:31.132] [INFO] info - ===========GET params:{"state":"1","pageNum":"1","pageSize":"9"}
[2023-01-21T17:36:31.132] [INFO] info - ===========POST params:{}
[2023-01-21T17:36:32.198] [INFO] info - ===========GET params:{"state":"1","pageNum":"1","pageSize":"9"}
[2023-01-21T17:36:32.198] [INFO] info - ===========POST params:{}
[2023-01-21T17:36:35.101] [INFO] info - ===========GET params:{"state":"1","pageNum":"1","pageSize":"9"}
[2023-01-21T17:36:35.101] [INFO] info - ===========POST params:{}
[2023-01-21T17:37:10.710] [INFO] info - ===========GET params:{"state":"1","pageNum":"1","pageSize":"9"}
[2023-01-21T17:37:10.710] [INFO] info - ===========POST params:{}
[2023-01-21T17:37:12.013] [INFO] info - ===========GET params:{"state":"1","pageNum":"1","pageSize":"9"}
[2023-01-21T17:37:12.014] [INFO] info - ===========POST params:{}
[2023-01-21T17:37:12.330] [INFO] info - ===========GET params:{"state":"1","pageNum":"1","pageSize":"9"}
[2023-01-21T17:37:12.330] [INFO] info - ===========POST params:{}
[2023-01-21T17:37:16.382] [INFO] info - ===========GET params:{"state":"1","pageNum":"1","pageSize":"9"}
[2023-01-21T17:37:16.383] [INFO] info - ===========POST params:{}
[2023-01-21T17:37:19.365] [INFO] info - ===========GET params:{"state":"1","pageNum":"1","pageSize":"9"}
[2023-01-21T17:37:19.365] [INFO] info - ===========POST params:{}
[2023-01-21T17:38:40.070] [INFO] info - ===========GET params:{}
[2023-01-21T17:38:40.071] [INFO] info - ===========POST params:{"userId":1}
[2023-01-21T17:39:11.740] [INFO] info - ===========GET params:{"state":"1","pageNum":"1","pageSize":"9"}
[2023-01-21T17:39:11.742] [INFO] info - ===========POST params:{}
[2023-01-21T17:39:13.452] [INFO] info - ===========GET params:{}
[2023-01-21T17:39:13.452] [INFO] info - ===========POST params:{"userId":1}
[2023-01-21T17:39:33.970] [INFO] info - ===========GET params:{"state":"1","pageNum":"1","pageSize":"9"}
[2023-01-21T17:39:33.970] [INFO] info - ===========POST params:{}
[2023-01-21T17:40:01.492] [INFO] info - ===========GET params:{}
[2023-01-21T17:40:01.493] [INFO] info - ===========POST params:{"userId":1}
[2023-01-21T17:40:15.180] [INFO] info - ===========GET params:{"state":"1","pageNum":"1","pageSize":"9"}
[2023-01-21T17:40:15.184] [INFO] info - ===========POST params:{}
[2023-01-21T17:40:16.702] [INFO] info - ===========GET params:{}
[2023-01-21T17:40:16.703] [INFO] info - ===========POST params:{"userId":1}
[2023-01-21T19:50:21.040] [INFO] info - ===========GET params:{"state":"1","pageNum":"1","pageSize":"9"}
[2023-01-21T19:50:21.042] [INFO] info - ===========POST params:{}
[2023-01-28T19:27:39.301] [INFO] info - ===========GET params:{"state":"1","pageNum":"1","pageSize":"9"}
[2023-01-28T19:27:39.302] [INFO] info - ===========POST params:{}
[2023-01-28T19:27:46.074] [INFO] info - ===========GET params:{"state":"1","pageNum":"2","pageSize":"9","total":"11"}
[2023-01-28T19:27:46.074] [INFO] info - ===========POST params:{}
[2023-01-28T19:27:47.428] [INFO] info - ===========GET params:{"state":"1","pageNum":"1","pageSize":"9","total":"11"}
[2023-01-28T19:27:47.428] [INFO] info - ===========POST params:{}
[2023-01-28T19:27:52.711] [INFO] info - ===========GET params:{"state":"1","pageNum":"1","pageSize":"9"}
[2023-01-28T19:27:52.711] [INFO] info - ===========POST params:{}
[2023-01-28T22:25:49.417] [INFO] info - ===========GET params:{"state":"1","pageNum":"1","pageSize":"9"}
[2023-01-28T22:25:49.418] [INFO] info - ===========POST params:{}
[2023-01-28T22:26:11.109] [INFO] info - ===========GET params:{}
[2023-01-28T22:26:11.109] [INFO] info - ===========POST params:{"userId":9}
[2023-01-28T22:26:41.866] [INFO] info - ===========GET params:{"state":"1","pageNum":"1","pageSize":"9"}
[2023-01-28T22:26:41.867] [INFO] info - ===========POST params:{}
[2023-01-28T22:26:46.018] [INFO] info - ===========GET params:{"state":"1","pageNum":"2","pageSize":"9","total":"10"}
[2023-01-28T22:26:46.018] [INFO] info - ===========POST params:{}
[2023-01-28T22:26:47.032] [INFO] info - ===========GET params:{"state":"1","pageNum":"1","pageSize":"9","total":"10"}
[2023-01-28T22:26:47.033] [INFO] info - ===========POST params:{}
[2023-01-28T22:26:48.960] [INFO] info - ===========GET params:{"state":"1","pageNum":"1","pageSize":"9"}
[2023-01-28T22:26:48.960] [INFO] info - ===========POST params:{}
[2023-01-28T22:26:49.885] [INFO] info - ===========GET params:{"state":"1","pageNum":"2","pageSize":"9","total":"10"}
[2023-01-28T22:26:49.885] [INFO] info - ===========POST params:{}
[2023-01-28T22:26:51.193] [INFO] info - ===========GET params:{"state":"1","pageNum":"1","pageSize":"9","total":"10"}
[2023-01-28T22:26:51.194] [INFO] info - ===========POST params:{}
[2023-01-28T22:27:39.603] [INFO] info - ===========GET params:{"state":"1","pageNum":"2","pageSize":"9","total":"10"}
[2023-01-28T22:27:39.603] [INFO] info - ===========POST params:{}
[2023-01-28T22:27:40.701] [INFO] info - ===========GET params:{"state":"1","pageNum":"1","pageSize":"9","total":"10"}
[2023-01-28T22:27:40.701] [INFO] info - ===========POST params:{}
[2023-01-28T22:28:11.917] [INFO] info - ===========GET params:{"state":"1","pageNum":"2","pageSize":"9","total":"10"}
[2023-01-28T22:28:11.917] [INFO] info - ===========POST params:{}
[2023-01-28T22:28:12.936] [INFO] info - ===========GET params:{"state":"1","pageNum":"1","pageSize":"9","total":"10"}
[2023-01-28T22:28:12.937] [INFO] info - ===========POST params:{}
[2023-01-28T22:28:16.614] [INFO] info - ===========GET params:{}
[2023-01-28T22:28:16.614] [INFO] info - ===========POST params:{"userId":10}
[2023-01-28T22:28:16.627] [INFO] info - ===========GET params:{"state":"1","pageNum":"1","pageSize":"9","total":"10"}
[2023-01-28T22:28:16.628] [INFO] info - ===========POST params:{}
[2023-01-29T00:44:31.329] [INFO] info - ===========GET params:{"state":"1","pageNum":"1","pageSize":"9"}
[2023-01-29T00:44:31.330] [INFO] info - ===========POST params:{}
[2023-01-29T00:44:43.390] [INFO] info - ===========GET params:{"state":"1","pageNum":"1","pageSize":"9"}
[2023-01-29T00:44:43.390] [INFO] info - ===========POST params:{}
[2023-01-29T00:44:50.021] [INFO] info - ===========GET params:{"state":"1","pageNum":"1","pageSize":"9","total":"0"}
[2023-01-29T00:44:50.022] [INFO] info - ===========POST params:{}
[2023-01-29T01:28:16.366] [INFO] info - ===========GET params:{"state":"1","pageNum":"1","pageSize":"9","total":"0"}
[2023-01-29T01:28:16.367] [INFO] info - ===========POST params:{}
[2023-01-29T01:28:19.846] [INFO] info - ===========GET params:{"state":"1","pageNum":"1","pageSize":"9","total":"0"}
[2023-01-29T01:28:19.847] [INFO] info - ===========POST params:{}
[2023-01-29T01:29:58.107] [INFO] info - ===========GET params:{"state":"1","pageNum":"1","pageSize":"9","total":"0"}
[2023-01-29T01:29:58.107] [INFO] info - ===========POST params:{}
[2023-01-29T01:30:19.757] [INFO] info - ===========GET params:{"state":"1","pageNum":"1","pageSize":"9","total":"0"}
[2023-01-29T01:30:19.757] [INFO] info - ===========POST params:{}
[2023-01-29T01:30:53.371] [INFO] info - ===========GET params:{"state":"1","pageNum":"1","pageSize":"9","total":"0"}
[2023-01-29T01:30:53.371] [INFO] info - ===========POST params:{}
[2023-01-29T01:33:33.718] [INFO] info - ===========GET params:{"state":"1","pageNum":"1","pageSize":"9","total":"0"}
[2023-01-29T01:33:33.718] [INFO] info - ===========POST params:{}
[2023-01-29T01:33:34.829] [INFO] info - ===========GET params:{"state":"1","pageNum":"1","pageSize":"9","total":"0"}
[2023-01-29T01:33:34.829] [INFO] info - ===========POST params:{}
[2023-01-29T01:33:42.879] [INFO] info - ===========GET params:{"state":"1","pageNum":"1","pageSize":"9","total":"0"}
[2023-01-29T01:33:42.881] [INFO] info - ===========POST params:{}
[2023-01-29T01:33:45.370] [INFO] info - ===========GET params:{"state":"1","pageNum":"1","pageSize":"9","total":"0"}
[2023-01-29T01:33:45.371] [INFO] info - ===========POST params:{}
[2023-01-29T01:33:49.110] [INFO] info - ===========GET params:{"state":"1","pageNum":"1","pageSize":"9","total":"0"}
[2023-01-29T01:33:49.110] [INFO] info - ===========POST params:{}
[2023-01-29T01:34:38.660] [INFO] info - ===========GET params:{"state":"1","pageNum":"1","pageSize":"9","total":"0"}
[2023-01-29T01:34:38.661] [INFO] info - ===========POST params:{}
[2023-01-29T01:34:55.416] [INFO] info - ===========GET params:{"state":"1","pageNum":"1","pageSize":"9","total":"0"}
[2023-01-29T01:34:55.416] [INFO] info - ===========POST params:{}
[2023-01-29T01:35:01.128] [INFO] info - ===========GET params:{"state":"1","pageNum":"1","pageSize":"9","total":"0"}
[2023-01-29T01:35:01.128] [INFO] info - ===========POST params:{}
[2023-01-29T01:35:11.964] [INFO] info - ===========GET params:{"state":"1","pageNum":"1","pageSize":"9","total":"0"}
[2023-01-29T01:35:11.965] [INFO] info - ===========POST params:{}
[2023-01-29T01:35:13.182] [INFO] info - ===========GET params:{"state":"1","pageNum":"1","pageSize":"9","total":"0"}
[2023-01-29T01:35:13.182] [INFO] info - ===========POST params:{}
[2023-01-29T01:35:14.597] [INFO] info - ===========GET params:{"state":"1","pageNum":"1","pageSize":"9","total":"0"}
[2023-01-29T01:35:14.597] [INFO] info - ===========POST params:{}
[2023-01-29T01:35:15.955] [INFO] info - ===========GET params:{"state":"1","pageNum":"1","pageSize":"9","total":"0"}
[2023-01-29T01:35:15.955] [INFO] info - ===========POST params:{}
[2023-01-29T01:35:16.518] [INFO] info - ===========GET params:{"state":"1","pageNum":"1","pageSize":"9","total":"0"}
[2023-01-29T01:35:16.519] [INFO] info - ===========POST params:{}
[2023-01-29T01:35:16.835] [INFO] info - ===========GET params:{"state":"1","pageNum":"1","pageSize":"9","total":"0"}
[2023-01-29T01:35:16.836] [INFO] info - ===========POST params:{}
[2023-01-29T01:35:17.039] [INFO] info - ===========GET params:{"state":"1","pageNum":"1","pageSize":"9","total":"0"}
[2023-01-29T01:35:17.039] [INFO] info - ===========POST params:{}
[2023-01-29T01:35:17.279] [INFO] info - ===========GET params:{"state":"1","pageNum":"1","pageSize":"9","total":"0"}
[2023-01-29T01:35:17.279] [INFO] info - ===========POST params:{}
[2023-01-29T01:35:17.490] [INFO] info - ===========GET params:{"state":"1","pageNum":"1","pageSize":"9","total":"0"}
[2023-01-29T01:35:17.491] [INFO] info - ===========POST params:{}
[2023-01-29T01:35:17.714] [INFO] info - ===========GET params:{"state":"1","pageNum":"1","pageSize":"9","total":"0"}
[2023-01-29T01:35:17.714] [INFO] info - ===========POST params:{}
[2023-01-29T01:35:17.934] [INFO] info - ===========GET params:{"state":"1","pageNum":"1","pageSize":"9","total":"0"}
[2023-01-29T01:35:17.935] [INFO] info - ===========POST params:{}
[2023-01-29T01:39:18.677] [INFO] info - ===========GET params:{"state":"1","pageNum":"1","pageSize":"9","total":"0"}
[2023-01-29T01:39:18.678] [INFO] info - ===========POST params:{}
[2023-01-29T01:41:08.666] [INFO] info - ===========GET params:{"state":"1","pageNum":"1","pageSize":"9","total":"0"}
[2023-01-29T01:41:08.666] [INFO] info - ===========POST params:{}
[2023-01-29T01:41:17.693] [INFO] info - ===========GET params:{"state":"1","pageNum":"1","pageSize":"9","total":"0"}
[2023-01-29T01:41:17.694] [INFO] info - ===========POST params:{}
[2023-01-29T01:41:47.643] [INFO] info - ===========GET params:{"state":"1","pageNum":"1","pageSize":"9","total":"0"}
[2023-01-29T01:41:47.643] [INFO] info - ===========POST params:{}
[2023-01-29T01:42:37.362] [INFO] info - ===========GET params:{"state":"1","pageNum":"1","pageSize":"9","total":"0"}
[2023-01-29T01:42:37.362] [INFO] info - ===========POST params:{}
[2023-01-29T01:42:50.282] [INFO] info - ===========GET params:{"state":"1","pageNum":"1","pageSize":"9","total":"0"}
[2023-01-29T01:42:50.283] [INFO] info - ===========POST params:{}
[2023-01-29T01:43:03.000] [INFO] info - ===========GET params:{"state":"1","pageNum":"1","pageSize":"9","total":"0"}
[2023-01-29T01:43:03.000] [INFO] info - ===========POST params:{}
[2023-01-29T01:43:06.547] [INFO] info - ===========GET params:{"state":"1","pageNum":"1","pageSize":"9","total":"0"}
[2023-01-29T01:43:06.548] [INFO] info - ===========POST params:{}
[2023-01-29T01:43:49.123] [INFO] info - ===========GET params:{"state":"1","pageNum":"1","pageSize":"9","total":"0"}
[2023-01-29T01:43:49.123] [INFO] info - ===========POST params:{}
[2023-01-29T01:43:51.140] [INFO] info - ===========GET params:{"state":"1","pageNum":"1","pageSize":"9","total":"0"}
[2023-01-29T01:43:51.140] [INFO] info - ===========POST params:{}
[2023-01-29T01:44:35.639] [INFO] info - ===========GET params:{"state":"1","pageNum":"1","pageSize":"9","total":"0"}
[2023-01-29T01:44:35.639] [INFO] info - ===========POST params:{}
[2023-01-29T01:44:41.146] [INFO] info - ===========GET params:{"state":"1","pageNum":"1","pageSize":"9","total":"0"}
[2023-01-29T01:44:41.147] [INFO] info - ===========POST params:{}
[2023-01-29T01:44:46.231] [INFO] info - ===========GET params:{"state":"1","pageNum":"1","pageSize":"9","total":"0"}
[2023-01-29T01:44:46.232] [INFO] info - ===========POST params:{}
[2023-01-29T01:44:58.829] [INFO] info - ===========GET params:{"state":"1","pageNum":"1","pageSize":"9","total":"0"}
[2023-01-29T01:44:58.829] [INFO] info - ===========POST params:{}
[2023-01-29T15:40:01.114] [INFO] info - ===========GET params:{"state":"1","pageNum":"1","pageSize":"9","total":"0"}
[2023-01-29T15:40:01.115] [INFO] info - ===========POST params:{}
[2023-01-29T15:40:03.091] [INFO] info - ===========GET params:{"state":"1","pageNum":"1","pageSize":"9","total":"0"}
[2023-01-29T15:40:03.092] [INFO] info - ===========POST params:{}
[2023-01-29T15:54:46.215] [INFO] info - ===========GET params:{"state":"1","pageNum":"1","pageSize":"9","total":"0"}
[2023-01-29T15:54:46.215] [INFO] info - ===========POST params:{}
[2023-01-29T17:18:31.495] [INFO] info - ===========GET params:{"state":"1","pageNum":"1","pageSize":"9","total":"0"}
[2023-01-29T17:18:31.497] [INFO] info - ===========POST params:{}
[2023-01-29T17:18:46.574] [INFO] info - ===========GET params:{"state":"1","pageNum":"1","pageSize":"9","total":"0"}
[2023-01-29T17:18:46.574] [INFO] info - ===========POST params:{}
[2023-01-29T17:18:54.430] [INFO] info - ===========GET params:{}
[2023-01-29T17:18:54.430] [INFO] info - ===========POST params:{}
[2023-01-29T17:20:43.054] [INFO] info - ===========GET params:{}
[2023-01-29T17:20:43.056] [INFO] info - ===========POST params:{}
[2023-01-29T17:23:22.204] [INFO] info - ===========GET params:{}
[2023-01-29T17:23:22.205] [INFO] info - ===========POST params:{}
[2023-01-29T17:24:04.896] [INFO] info - ===========GET params:{}
[2023-01-29T17:24:04.898] [INFO] info - ===========POST params:{}
[2023-01-29T17:39:43.597] [INFO] info - ===========GET params:{}
[2023-01-29T17:39:43.598] [INFO] info - ===========POST params:{}
[2023-01-29T17:40:06.610] [INFO] info - ===========GET params:{}
[2023-01-29T17:40:06.611] [INFO] info - ===========POST params:{}
[2023-01-29T17:40:46.051] [INFO] info - ===========GET params:{}
[2023-01-29T17:40:46.051] [INFO] info - ===========POST params:{}
[2023-01-29T17:41:34.347] [INFO] info - ===========GET params:{}
[2023-01-29T17:41:34.348] [INFO] info - ===========POST params:{}
[2023-01-29T17:43:09.494] [INFO] info - ===========GET params:{}
[2023-01-29T17:43:09.495] [INFO] info - ===========POST params:{}
[2023-01-29T17:43:39.822] [INFO] info - ===========GET params:{"state":"1","pageNum":"1","pageSize":"9","total":"0"}
[2023-01-29T17:43:39.823] [INFO] info - ===========POST params:{}
[2023-01-29T17:45:00.975] [INFO] info - ===========GET params:{}
[2023-01-29T17:45:00.976] [INFO] info - ===========POST params:{}
[2023-01-29T17:46:47.029] [INFO] info - ===========GET params:{}
[2023-01-29T17:46:47.031] [INFO] info - ===========POST params:{}
[2023-01-29T17:46:58.287] [INFO] info - ===========GET params:{"state":"1","pageNum":"1","pageSize":"9","total":"0"}
[2023-01-29T17:46:58.288] [INFO] info - ===========POST params:{}
[2023-01-29T17:47:52.874] [INFO] info - ===========GET params:{}
[2023-01-29T17:47:52.874] [INFO] info - ===========POST params:{}
[2023-01-29T17:47:52.932] [INFO] info - ===========GET params:{}
[2023-01-29T17:47:52.932] [INFO] info - ===========POST params:{}
[2023-01-29T17:49:21.116] [INFO] info - ===========GET params:{}
[2023-01-29T17:49:21.116] [INFO] info - ===========POST params:{}
[2023-01-29T17:50:19.623] [INFO] info - ===========GET params:{"state":"1","pageNum":"1","pageSize":"9","total":"0"}
[2023-01-29T17:50:19.624] [INFO] info - ===========POST params:{}
[2023-01-29T17:50:26.257] [INFO] info - ===========GET params:{}
[2023-01-29T17:50:26.258] [INFO] info - ===========POST params:{}
[2023-01-29T17:51:10.212] [INFO] info - ===========GET params:{}
[2023-01-29T17:51:10.212] [INFO] info - ===========POST params:{}
[2023-01-29T17:51:25.732] [INFO] info - ===========GET params:{}
[2023-01-29T17:51:25.733] [INFO] info - ===========POST params:{}
[2023-01-29T17:51:45.597] [INFO] info - ===========GET params:{}
[2023-01-29T17:51:45.597] [INFO] info - ===========POST params:{}
[2023-01-29T17:53:05.657] [INFO] info - ===========GET params:{}
[2023-01-29T17:53:05.660] [INFO] info - ===========POST params:{}
[2023-01-29T17:54:59.555] [INFO] info - ===========GET params:{}
[2023-01-29T17:54:59.557] [INFO] info - ===========POST params:{}
[2023-01-29T18:08:39.471] [INFO] info - ===========GET params:{}
[2023-01-29T18:08:39.472] [INFO] info - ===========POST params:{}
[2023-01-29T18:24:33.634] [INFO] info - ===========GET params:{}
[2023-01-29T18:24:33.634] [INFO] info - ===========POST params:{}
[2023-01-29T18:25:12.507] [INFO] info - ===========GET params:{}
[2023-01-29T18:25:12.508] [INFO] info - ===========POST params:{}
[2023-01-29T18:25:26.643] [INFO] info - ===========GET params:{}
[2023-01-29T18:25:26.643] [INFO] info - ===========POST params:{}
[2023-01-29T18:25:36.493] [INFO] info - ===========GET params:{}
[2023-01-29T18:25:36.494] [INFO] info - ===========POST params:{}
[2023-01-29T18:26:01.850] [INFO] info - ===========GET params:{}
[2023-01-29T18:26:01.850] [INFO] info - ===========POST params:{}
[2023-01-29T18:26:06.025] [INFO] info - ===========GET params:{}
[2023-01-29T18:26:06.026] [INFO] info - ===========POST params:{}
[2023-01-29T18:27:08.769] [INFO] info - ===========GET params:{}
[2023-01-29T18:27:08.769] [INFO] info - ===========POST params:{}
[2023-01-29T18:30:11.279] [INFO] info - ===========GET params:{}
[2023-01-29T18:30:11.280] [INFO] info - ===========POST params:{}
[2023-01-29T18:30:19.009] [INFO] info - ===========GET params:{}
[2023-01-29T18:30:19.010] [INFO] info - ===========POST params:{}
[2023-01-29T18:33:28.520] [INFO] info - ===========GET params:{}
[2023-01-29T18:33:28.520] [INFO] info - ===========POST params:{}
[2023-01-29T18:33:32.894] [INFO] info - ===========GET params:{}
[2023-01-29T18:33:32.894] [INFO] info - ===========POST params:{}
[2023-01-29T18:33:40.110] [INFO] info - ===========GET params:{}
[2023-01-29T18:33:40.111] [INFO] info - ===========POST params:{"delImg":[]}
[2023-01-29T18:34:08.854] [INFO] info - ===========GET params:{}
[2023-01-29T18:34:08.855] [INFO] info - ===========POST params:{}
[2023-01-29T18:34:13.104] [INFO] info - ===========GET params:{}
[2023-01-29T18:34:13.104] [INFO] info - ===========POST params:{}
[2023-01-29T18:35:07.470] [INFO] info - ===========GET params:{}
[2023-01-29T18:35:07.470] [INFO] info - ===========POST params:{}
[2023-01-29T18:35:12.896] [INFO] info - ===========GET params:{}
[2023-01-29T18:35:12.896] [INFO] info - ===========POST params:{}
[2023-01-29T18:36:07.673] [INFO] info - ===========GET params:{}
[2023-01-29T18:36:07.673] [INFO] info - ===========POST params:{}
[2023-01-29T18:36:11.254] [INFO] info - ===========GET params:{}
[2023-01-29T18:36:11.254] [INFO] info - ===========POST params:{}
[2023-01-29T18:38:03.281] [INFO] info - ===========GET params:{}
[2023-01-29T18:38:03.281] [INFO] info - ===========POST params:{}
[2023-01-29T18:38:48.467] [INFO] info - ===========GET params:{}
[2023-01-29T18:38:48.468] [INFO] info - ===========POST params:{}
[2023-01-29T18:39:28.118] [INFO] info - ===========GET params:{}
[2023-01-29T18:39:28.118] [INFO] info - ===========POST params:{}
[2023-01-29T18:40:05.867] [INFO] info - ===========GET params:{}
[2023-01-29T18:40:05.867] [INFO] info - ===========POST params:{}
[2023-01-29T18:40:28.409] [INFO] info - ===========GET params:{}
[2023-01-29T18:40:28.409] [INFO] info - ===========POST params:{}
[2023-01-29T18:41:07.687] [INFO] info - ===========GET params:{}
[2023-01-29T18:41:07.688] [INFO] info - ===========POST params:{}
[2023-01-29T18:41:26.368] [INFO] info - ===========GET params:{}
[2023-01-29T18:41:26.368] [INFO] info - ===========POST params:{}
[2023-01-29T18:42:20.570] [INFO] info - ===========GET params:{}
[2023-01-29T18:42:20.570] [INFO] info - ===========POST params:{}
[2023-01-29T18:42:41.632] [INFO] info - ===========GET params:{}
[2023-01-29T18:42:41.632] [INFO] info - ===========POST params:{}
[2023-01-29T18:56:18.706] [INFO] info - ===========GET params:{}
[2023-01-29T18:56:18.707] [INFO] info - ===========POST params:{}
[2023-01-29T18:57:10.100] [INFO] info - ===========GET params:{}
[2023-01-29T18:57:10.100] [INFO] info - ===========POST params:{}
[2023-01-29T18:58:18.055] [INFO] info - ===========GET params:{}
[2023-01-29T18:58:18.055] [INFO] info - ===========POST params:{}
[2023-01-29T19:26:02.009] [INFO] info - ===========GET params:{}
[2023-01-29T19:26:02.009] [INFO] info - ===========POST params:{}
[2023-01-29T19:29:08.391] [INFO] info - ===========GET params:{}
[2023-01-29T19:29:08.391] [INFO] info - ===========POST params:{}
[2023-01-29T19:29:11.225] [INFO] info - ===========GET params:{}
[2023-01-29T19:29:11.226] [INFO] info - ===========POST params:{}
[2023-01-29T19:30:04.616] [INFO] info - ===========GET params:{}
[2023-01-29T19:30:04.616] [INFO] info - ===========POST params:{}
[2023-01-29T19:30:07.816] [INFO] info - ===========GET params:{}
[2023-01-29T19:30:07.817] [INFO] info - ===========POST params:{}
[2023-01-29T19:31:29.629] [INFO] info - ===========GET params:{}
[2023-01-29T19:31:29.630] [INFO] info - ===========POST params:{}
[2023-01-29T19:31:38.322] [INFO] info - ===========GET params:{}
[2023-01-29T19:31:38.322] [INFO] info - ===========POST params:{}
[2023-01-29T19:35:18.784] [INFO] info - ===========GET params:{}
[2023-01-29T19:35:18.785] [INFO] info - ===========POST params:{}
[2023-01-29T19:35:24.485] [INFO] info - ===========GET params:{}
[2023-01-29T19:35:24.485] [INFO] info - ===========POST params:{}
[2023-01-29T19:35:52.614] [INFO] info - ===========GET params:{}
[2023-01-29T19:35:52.614] [INFO] info - ===========POST params:{}
[2023-01-29T19:35:56.489] [INFO] info - ===========GET params:{}
[2023-01-29T19:35:56.489] [INFO] info - ===========POST params:{}
[2023-01-29T19:36:15.864] [INFO] info - ===========GET params:{}
[2023-01-29T19:36:15.864] [INFO] info - ===========POST params:{}
[2023-01-29T19:36:19.041] [INFO] info - ===========GET params:{}
[2023-01-29T19:36:19.041] [INFO] info - ===========POST params:{}
[2023-01-29T19:37:22.718] [INFO] info - ===========GET params:{}
[2023-01-29T19:37:22.718] [INFO] info - ===========POST params:{}
[2023-01-29T19:37:50.973] [INFO] info - ===========GET params:{}
[2023-01-29T19:37:50.973] [INFO] info - ===========POST params:{}
[2023-01-29T19:37:54.841] [INFO] info - ===========GET params:{}
[2023-01-29T19:37:54.841] [INFO] info - ===========POST params:{}
[2023-01-29T19:40:18.577] [INFO] info - ===========GET params:{}
[2023-01-29T19:40:18.578] [INFO] info - ===========POST params:{}
[2023-01-29T19:40:21.785] [INFO] info - ===========GET params:{}
[2023-01-29T19:40:21.785] [INFO] info - ===========POST params:{}
[2023-01-29T19:40:42.570] [INFO] info - ===========GET params:{}
[2023-01-29T19:40:42.570] [INFO] info - ===========POST params:{}
[2023-01-29T19:40:46.037] [INFO] info - ===========GET params:{}
[2023-01-29T19:40:46.037] [INFO] info - ===========POST params:{}
[2023-01-29T19:42:10.143] [INFO] info - ===========GET params:{}
[2023-01-29T19:42:10.144] [INFO] info - ===========POST params:{}
[2023-01-29T19:42:16.382] [INFO] info - ===========GET params:{}
[2023-01-29T19:42:16.382] [INFO] info - ===========POST params:{}
[2023-01-29T19:45:15.152] [INFO] info - ===========GET params:{}
[2023-01-29T19:45:15.152] [INFO] info - ===========POST params:{}
[2023-01-29T19:48:24.262] [INFO] info - ===========GET params:{}
[2023-01-29T19:48:24.263] [INFO] info - ===========POST params:{}
[2023-01-29T19:48:27.333] [INFO] info - ===========GET params:{}
[2023-01-29T19:48:27.334] [INFO] info - ===========POST params:{}
[2023-01-29T19:49:02.302] [INFO] info - ===========GET params:{}
[2023-01-29T19:49:02.303] [INFO] info - ===========POST params:{}
[2023-01-29T19:49:03.814] [INFO] info - ===========GET params:{}
[2023-01-29T19:49:03.815] [INFO] info - ===========POST params:{}
[2023-01-29T19:49:31.366] [INFO] info - ===========GET params:{}
[2023-01-29T19:49:31.366] [INFO] info - ===========POST params:{}
[2023-01-29T19:49:33.488] [INFO] info - ===========GET params:{}
[2023-01-29T19:49:33.489] [INFO] info - ===========POST params:{}
[2023-01-29T19:50:05.808] [INFO] info - ===========GET params:{}
[2023-01-29T19:50:05.809] [INFO] info - ===========POST params:{}
[2023-01-29T19:50:07.818] [INFO] info - ===========GET params:{}
[2023-01-29T19:50:07.818] [INFO] info - ===========POST params:{}
[2023-01-29T19:50:41.529] [INFO] info - ===========GET params:{}
[2023-01-29T19:50:41.530] [INFO] info - ===========POST params:{}
[2023-01-29T19:50:45.108] [INFO] info - ===========GET params:{}
[2023-01-29T19:50:45.108] [INFO] info - ===========POST params:{}
[2023-01-29T19:51:14.558] [INFO] info - ===========GET params:{}
[2023-01-29T19:51:14.558] [INFO] info - ===========POST params:{}
[2023-01-29T19:52:39.079] [INFO] info - ===========GET params:{}
[2023-01-29T19:52:39.079] [INFO] info - ===========POST params:{}
[2023-01-29T19:52:56.167] [INFO] info - ===========GET params:{}
[2023-01-29T19:52:56.167] [INFO] info - ===========POST params:{}
[2023-01-29T19:53:41.637] [INFO] info - ===========GET params:{}
[2023-01-29T19:53:41.639] [INFO] info - ===========POST params:{}
[2023-01-29T19:53:43.695] [INFO] info - ===========GET params:{}
[2023-01-29T19:53:43.695] [INFO] info - ===========POST params:{"delImg":"http://localhost:3000/uploads/1674993221648logo.jpeg"}
[2023-01-29T19:54:16.879] [INFO] info - ===========GET params:{}
[2023-01-29T19:54:16.880] [INFO] info - ===========POST params:{}
[2023-01-29T19:55:20.086] [INFO] info - ===========GET params:{}
[2023-01-29T19:55:20.088] [INFO] info - ===========POST params:{}
[2023-01-29T19:55:25.710] [INFO] info - ===========GET params:{}
[2023-01-29T19:55:25.710] [INFO] info - ===========POST params:{"delImg":"http://localhost:3000/uploads/1674993320098logo.jpeg"}
[2023-01-29T19:57:24.918] [INFO] info - ===========GET params:{}
[2023-01-29T19:57:24.919] [INFO] info - ===========POST params:{}
[2023-01-29T19:57:31.597] [INFO] info - ===========GET params:{}
[2023-01-29T19:57:31.598] [INFO] info - ===========POST params:{"delImg":"http://localhost:3000/uploads/1674993444933logo.jpeg"}
[2023-01-29T19:59:27.447] [INFO] info - ===========GET params:{}
[2023-01-29T19:59:27.447] [INFO] info - ===========POST params:{}
[2023-01-29T20:00:05.587] [INFO] info - ===========GET params:{}
[2023-01-29T20:00:05.588] [INFO] info - ===========POST params:{}
[2023-01-29T20:03:43.569] [INFO] info - ===========GET params:{}
[2023-01-29T20:03:43.570] [INFO] info - ===========POST params:{}
[2023-01-29T20:03:50.046] [INFO] info - ===========GET params:{}
[2023-01-29T20:03:50.047] [INFO] info - ===========POST params:{"delImg":"1674993823582logo.jpeg"}
[2023-01-29T20:04:27.984] [INFO] info - ===========GET params:{}
[2023-01-29T20:04:27.986] [INFO] info - ===========POST params:{}
[2023-01-29T20:04:30.045] [INFO] info - ===========GET params:{}
[2023-01-29T20:04:30.046] [INFO] info - ===========POST params:{"delImg":"1674993867996logo.jpeg"}
[2023-01-31T16:36:31.157] [INFO] info - ===========GET params:{"state":"1","pageNum":"1","pageSize":"9","total":"0"}
[2023-01-31T16:36:31.158] [INFO] info - ===========POST params:{}
[2023-01-31T18:03:36.452] [INFO] info - ===========GET params:{}
[2023-01-31T18:03:36.453] [INFO] info - ===========POST params:{"title":"123123","type":"å…¬å‘Š","content":"<p>123123</p>"}
[2023-01-31T18:03:42.421] [INFO] info - ===========GET params:{}
[2023-01-31T18:03:42.421] [INFO] info - ===========POST params:{"title":"123123","type":"å…¬å‘Š","content":"<p>123123</p>"}
[2023-01-31T18:04:51.421] [INFO] info - ===========GET params:{}
[2023-01-31T18:04:51.423] [INFO] info - ===========POST params:{"title":"222","type":"å…¬å‘Š","content":"<p>123123</p>"}
[2023-01-31T18:08:20.799] [INFO] info - ===========GET params:{}
[2023-01-31T18:08:20.800] [INFO] info - ===========POST params:{"title":"2222","type":"å…¬å‘Š","content":"<p>12312312</p>"}
[2023-01-31T18:09:21.995] [INFO] info - ===========GET params:{}
[2023-01-31T18:09:21.996] [INFO] info - ===========POST params:{"title":"2222","type":"å…¬å‘Š","content":"<p>12312312</p>"}
[2023-01-31T18:09:27.232] [INFO] info - ===========GET params:{}
[2023-01-31T18:09:27.233] [INFO] info - ===========POST params:{"title":"123","type":"å…¬å‘Š","content":"<p>123</p>"}
[2023-01-31T18:10:19.501] [INFO] info - ===========GET params:{}
[2023-01-31T18:10:19.503] [INFO] info - ===========POST params:{"title":"123","type":"å…¬å‘Š","content":"<p>123</p>"}
[2023-01-31T18:10:59.879] [INFO] info - ===========GET params:{}
[2023-01-31T18:10:59.880] [INFO] info - ===========POST params:{"title":"123","type":"å…¬å‘Š","content":"<p>123</p>"}
[2023-01-31T18:11:11.920] [INFO] info - ===========GET params:{"state":"1","pageNum":"1","pageSize":"9","total":"0"}
[2023-01-31T18:11:11.921] [INFO] info - ===========POST params:{}
[2023-01-31T18:11:27.117] [INFO] info - ===========GET params:{}
[2023-01-31T18:11:27.117] [INFO] info - ===========POST params:{"title":"123","type":"å…¬å‘Š","content":"<p>123</p>"}
[2023-01-31T18:13:42.762] [INFO] info - ===========GET params:{}
[2023-01-31T18:13:42.763] [INFO] info - ===========POST params:{"title":"123","type":"å…¬å‘Š","content":"<p>123</p>"}
[2023-01-31T18:14:33.582] [INFO] info - ===========GET params:{}
[2023-01-31T18:14:33.583] [INFO] info - ===========POST params:{"title":"123","type":"å…¬å‘Š","content":"<p>123</p>"}
[2023-01-31T19:48:45.504] [INFO] info - ===========GET params:{}
[2023-01-31T19:48:45.505] [INFO] info - ===========POST params:{}
