[2023-01-29T17:39:43.616] [ERROR] error - Error: Unexpected field
    at makeError (C:\Users\张伟伟牛逼\Desktop\毕设pet\server-pet\node_modules\multer\lib\make-error.js:12:13)
    at wrappedFileFilter (C:\Users\张伟伟牛逼\Desktop\毕设pet\server-pet\node_modules\multer\index.js:40:19)
    at Busboy.<anonymous> (C:\Users\张伟伟牛逼\Desktop\毕设pet\server-pet\node_modules\multer\lib\make-middleware.js:114:7)
    at Busboy.emit (node:events:520:28)
    at Busboy.emit (C:\Users\张伟伟牛逼\Desktop\毕设pet\server-pet\node_modules\busboy\lib\main.js:38:33)
    at PartStream.<anonymous> (C:\Users\张伟伟牛逼\Desktop\毕设pet\server-pet\node_modules\busboy\lib\types\multipart.js:213:13)
    at PartStream.emit (node:events:520:28)
    at HeaderParser.<anonymous> (C:\Users\张伟伟牛逼\Desktop\毕设pet\server-pet\node_modules\dicer\lib\Dicer.js:51:16)
    at HeaderParser.emit (node:events:520:28)
    at HeaderParser._finish (C:\Users\张伟伟牛逼\Desktop\毕设pet\server-pet\node_modules\dicer\lib\HeaderParser.js:68:8)
    at SBMH.<anonymous> (C:\Users\张伟伟牛逼\Desktop\毕设pet\server-pet\node_modules\dicer\lib\HeaderParser.js:40:12)
    at SBMH.emit (node:events:520:28)
    at SBMH._sbmh_feed (C:\Users\张伟伟牛逼\Desktop\毕设pet\server-pet\node_modules\streamsearch\lib\sbmh.js:159:14)
    at SBMH.push (C:\Users\张伟伟牛逼\Desktop\毕设pet\server-pet\node_modules\streamsearch\lib\sbmh.js:56:14)
    at HeaderParser.push (C:\Users\张伟伟牛逼\Desktop\毕设pet\server-pet\node_modules\dicer\lib\HeaderParser.js:46:19)
    at Dicer._oninfo (C:\Users\张伟伟牛逼\Desktop\毕设pet\server-pet\node_modules\dicer\lib\Dicer.js:197:25)
[2023-01-29T17:40:06.622] [ERROR] error - Error: Unexpected field
    at makeError (C:\Users\张伟伟牛逼\Desktop\毕设pet\server-pet\node_modules\multer\lib\make-error.js:12:13)
    at wrappedFileFilter (C:\Users\张伟伟牛逼\Desktop\毕设pet\server-pet\node_modules\multer\index.js:40:19)
    at Busboy.<anonymous> (C:\Users\张伟伟牛逼\Desktop\毕设pet\server-pet\node_modules\multer\lib\make-middleware.js:114:7)
    at Busboy.emit (node:events:520:28)
    at Busboy.emit (C:\Users\张伟伟牛逼\Desktop\毕设pet\server-pet\node_modules\busboy\lib\main.js:38:33)
    at PartStream.<anonymous> (C:\Users\张伟伟牛逼\Desktop\毕设pet\server-pet\node_modules\busboy\lib\types\multipart.js:213:13)
    at PartStream.emit (node:events:520:28)
    at HeaderParser.<anonymous> (C:\Users\张伟伟牛逼\Desktop\毕设pet\server-pet\node_modules\dicer\lib\Dicer.js:51:16)
    at HeaderParser.emit (node:events:520:28)
    at HeaderParser._finish (C:\Users\张伟伟牛逼\Desktop\毕设pet\server-pet\node_modules\dicer\lib\HeaderParser.js:68:8)
    at SBMH.<anonymous> (C:\Users\张伟伟牛逼\Desktop\毕设pet\server-pet\node_modules\dicer\lib\HeaderParser.js:40:12)
    at SBMH.emit (node:events:520:28)
    at SBMH._sbmh_feed (C:\Users\张伟伟牛逼\Desktop\毕设pet\server-pet\node_modules\streamsearch\lib\sbmh.js:159:14)
    at SBMH.push (C:\Users\张伟伟牛逼\Desktop\毕设pet\server-pet\node_modules\streamsearch\lib\sbmh.js:56:14)
    at HeaderParser.push (C:\Users\张伟伟牛逼\Desktop\毕设pet\server-pet\node_modules\dicer\lib\HeaderParser.js:46:19)
    at Dicer._oninfo (C:\Users\张伟伟牛逼\Desktop\毕设pet\server-pet\node_modules\dicer\lib\Dicer.js:197:25)
[2023-01-29T17:40:46.056] [ERROR] error - Error: Unexpected field
    at makeError (C:\Users\张伟伟牛逼\Desktop\毕设pet\server-pet\node_modules\multer\lib\make-error.js:12:13)
    at wrappedFileFilter (C:\Users\张伟伟牛逼\Desktop\毕设pet\server-pet\node_modules\multer\index.js:40:19)
    at Busboy.<anonymous> (C:\Users\张伟伟牛逼\Desktop\毕设pet\server-pet\node_modules\multer\lib\make-middleware.js:114:7)
    at Busboy.emit (node:events:520:28)
    at Busboy.emit (C:\Users\张伟伟牛逼\Desktop\毕设pet\server-pet\node_modules\busboy\lib\main.js:38:33)
    at PartStream.<anonymous> (C:\Users\张伟伟牛逼\Desktop\毕设pet\server-pet\node_modules\busboy\lib\types\multipart.js:213:13)
    at PartStream.emit (node:events:520:28)
    at HeaderParser.<anonymous> (C:\Users\张伟伟牛逼\Desktop\毕设pet\server-pet\node_modules\dicer\lib\Dicer.js:51:16)
    at HeaderParser.emit (node:events:520:28)
    at HeaderParser._finish (C:\Users\张伟伟牛逼\Desktop\毕设pet\server-pet\node_modules\dicer\lib\HeaderParser.js:68:8)
    at SBMH.<anonymous> (C:\Users\张伟伟牛逼\Desktop\毕设pet\server-pet\node_modules\dicer\lib\HeaderParser.js:40:12)
    at SBMH.emit (node:events:520:28)
    at SBMH._sbmh_feed (C:\Users\张伟伟牛逼\Desktop\毕设pet\server-pet\node_modules\streamsearch\lib\sbmh.js:159:14)
    at SBMH.push (C:\Users\张伟伟牛逼\Desktop\毕设pet\server-pet\node_modules\streamsearch\lib\sbmh.js:56:14)
    at HeaderParser.push (C:\Users\张伟伟牛逼\Desktop\毕设pet\server-pet\node_modules\dicer\lib\HeaderParser.js:46:19)
    at Dicer._oninfo (C:\Users\张伟伟牛逼\Desktop\毕设pet\server-pet\node_modules\dicer\lib\Dicer.js:197:25)
[2023-01-29T17:41:34.365] [ERROR] error - Error: Unexpected field
    at makeError (C:\Users\张伟伟牛逼\Desktop\毕设pet\server-pet\node_modules\multer\lib\make-error.js:12:13)
    at wrappedFileFilter (C:\Users\张伟伟牛逼\Desktop\毕设pet\server-pet\node_modules\multer\index.js:40:19)
    at Busboy.<anonymous> (C:\Users\张伟伟牛逼\Desktop\毕设pet\server-pet\node_modules\multer\lib\make-middleware.js:114:7)
    at Busboy.emit (node:events:520:28)
    at Busboy.emit (C:\Users\张伟伟牛逼\Desktop\毕设pet\server-pet\node_modules\busboy\lib\main.js:38:33)
    at PartStream.<anonymous> (C:\Users\张伟伟牛逼\Desktop\毕设pet\server-pet\node_modules\busboy\lib\types\multipart.js:213:13)
    at PartStream.emit (node:events:520:28)
    at HeaderParser.<anonymous> (C:\Users\张伟伟牛逼\Desktop\毕设pet\server-pet\node_modules\dicer\lib\Dicer.js:51:16)
    at HeaderParser.emit (node:events:520:28)
    at HeaderParser._finish (C:\Users\张伟伟牛逼\Desktop\毕设pet\server-pet\node_modules\dicer\lib\HeaderParser.js:68:8)
    at SBMH.<anonymous> (C:\Users\张伟伟牛逼\Desktop\毕设pet\server-pet\node_modules\dicer\lib\HeaderParser.js:40:12)
    at SBMH.emit (node:events:520:28)
    at SBMH._sbmh_feed (C:\Users\张伟伟牛逼\Desktop\毕设pet\server-pet\node_modules\streamsearch\lib\sbmh.js:159:14)
    at SBMH.push (C:\Users\张伟伟牛逼\Desktop\毕设pet\server-pet\node_modules\streamsearch\lib\sbmh.js:56:14)
    at HeaderParser.push (C:\Users\张伟伟牛逼\Desktop\毕设pet\server-pet\node_modules\dicer\lib\HeaderParser.js:46:19)
    at Dicer._oninfo (C:\Users\张伟伟牛逼\Desktop\毕设pet\server-pet\node_modules\dicer\lib\Dicer.js:197:25)
[2023-01-29T17:43:09.501] [ERROR] error - Error: Unexpected field
    at makeError (C:\Users\张伟伟牛逼\Desktop\毕设pet\server-pet\node_modules\multer\lib\make-error.js:12:13)
    at wrappedFileFilter (C:\Users\张伟伟牛逼\Desktop\毕设pet\server-pet\node_modules\multer\index.js:40:19)
    at Busboy.<anonymous> (C:\Users\张伟伟牛逼\Desktop\毕设pet\server-pet\node_modules\multer\lib\make-middleware.js:114:7)
    at Busboy.emit (node:events:520:28)
    at Busboy.emit (C:\Users\张伟伟牛逼\Desktop\毕设pet\server-pet\node_modules\busboy\lib\main.js:38:33)
    at PartStream.<anonymous> (C:\Users\张伟伟牛逼\Desktop\毕设pet\server-pet\node_modules\busboy\lib\types\multipart.js:213:13)
    at PartStream.emit (node:events:520:28)
    at HeaderParser.<anonymous> (C:\Users\张伟伟牛逼\Desktop\毕设pet\server-pet\node_modules\dicer\lib\Dicer.js:51:16)
    at HeaderParser.emit (node:events:520:28)
    at HeaderParser._finish (C:\Users\张伟伟牛逼\Desktop\毕设pet\server-pet\node_modules\dicer\lib\HeaderParser.js:68:8)
    at SBMH.<anonymous> (C:\Users\张伟伟牛逼\Desktop\毕设pet\server-pet\node_modules\dicer\lib\HeaderParser.js:40:12)
    at SBMH.emit (node:events:520:28)
    at SBMH._sbmh_feed (C:\Users\张伟伟牛逼\Desktop\毕设pet\server-pet\node_modules\streamsearch\lib\sbmh.js:159:14)
    at SBMH.push (C:\Users\张伟伟牛逼\Desktop\毕设pet\server-pet\node_modules\streamsearch\lib\sbmh.js:56:14)
    at HeaderParser.push (C:\Users\张伟伟牛逼\Desktop\毕设pet\server-pet\node_modules\dicer\lib\HeaderParser.js:46:19)
    at Dicer._oninfo (C:\Users\张伟伟牛逼\Desktop\毕设pet\server-pet\node_modules\dicer\lib\Dicer.js:197:25)
[2023-01-29T17:45:00.994] [ERROR] error - Error: Unexpected field
    at makeError (C:\Users\张伟伟牛逼\Desktop\毕设pet\server-pet\node_modules\multer\lib\make-error.js:12:13)
    at wrappedFileFilter (C:\Users\张伟伟牛逼\Desktop\毕设pet\server-pet\node_modules\multer\index.js:40:19)
    at Busboy.<anonymous> (C:\Users\张伟伟牛逼\Desktop\毕设pet\server-pet\node_modules\multer\lib\make-middleware.js:114:7)
    at Busboy.emit (node:events:520:28)
    at Busboy.emit (C:\Users\张伟伟牛逼\Desktop\毕设pet\server-pet\node_modules\busboy\lib\main.js:38:33)
    at PartStream.<anonymous> (C:\Users\张伟伟牛逼\Desktop\毕设pet\server-pet\node_modules\busboy\lib\types\multipart.js:213:13)
    at PartStream.emit (node:events:520:28)
    at HeaderParser.<anonymous> (C:\Users\张伟伟牛逼\Desktop\毕设pet\server-pet\node_modules\dicer\lib\Dicer.js:51:16)
    at HeaderParser.emit (node:events:520:28)
    at HeaderParser._finish (C:\Users\张伟伟牛逼\Desktop\毕设pet\server-pet\node_modules\dicer\lib\HeaderParser.js:68:8)
    at SBMH.<anonymous> (C:\Users\张伟伟牛逼\Desktop\毕设pet\server-pet\node_modules\dicer\lib\HeaderParser.js:40:12)
    at SBMH.emit (node:events:520:28)
    at SBMH._sbmh_feed (C:\Users\张伟伟牛逼\Desktop\毕设pet\server-pet\node_modules\streamsearch\lib\sbmh.js:159:14)
    at SBMH.push (C:\Users\张伟伟牛逼\Desktop\毕设pet\server-pet\node_modules\streamsearch\lib\sbmh.js:56:14)
    at HeaderParser.push (C:\Users\张伟伟牛逼\Desktop\毕设pet\server-pet\node_modules\dicer\lib\HeaderParser.js:46:19)
    at Dicer._oninfo (C:\Users\张伟伟牛逼\Desktop\毕设pet\server-pet\node_modules\dicer\lib\Dicer.js:197:25)
[2023-01-29T17:46:47.050] [ERROR] error - Error: Unexpected field
    at makeError (C:\Users\张伟伟牛逼\Desktop\毕设pet\server-pet\node_modules\multer\lib\make-error.js:12:13)
    at wrappedFileFilter (C:\Users\张伟伟牛逼\Desktop\毕设pet\server-pet\node_modules\multer\index.js:40:19)
    at Busboy.<anonymous> (C:\Users\张伟伟牛逼\Desktop\毕设pet\server-pet\node_modules\multer\lib\make-middleware.js:114:7)
    at Busboy.emit (node:events:520:28)
    at Busboy.emit (C:\Users\张伟伟牛逼\Desktop\毕设pet\server-pet\node_modules\busboy\lib\main.js:38:33)
    at PartStream.<anonymous> (C:\Users\张伟伟牛逼\Desktop\毕设pet\server-pet\node_modules\busboy\lib\types\multipart.js:213:13)
    at PartStream.emit (node:events:520:28)
    at HeaderParser.<anonymous> (C:\Users\张伟伟牛逼\Desktop\毕设pet\server-pet\node_modules\dicer\lib\Dicer.js:51:16)
    at HeaderParser.emit (node:events:520:28)
    at HeaderParser._finish (C:\Users\张伟伟牛逼\Desktop\毕设pet\server-pet\node_modules\dicer\lib\HeaderParser.js:68:8)
    at SBMH.<anonymous> (C:\Users\张伟伟牛逼\Desktop\毕设pet\server-pet\node_modules\dicer\lib\HeaderParser.js:40:12)
    at SBMH.emit (node:events:520:28)
    at SBMH._sbmh_feed (C:\Users\张伟伟牛逼\Desktop\毕设pet\server-pet\node_modules\streamsearch\lib\sbmh.js:159:14)
    at SBMH.push (C:\Users\张伟伟牛逼\Desktop\毕设pet\server-pet\node_modules\streamsearch\lib\sbmh.js:56:14)
    at HeaderParser.push (C:\Users\张伟伟牛逼\Desktop\毕设pet\server-pet\node_modules\dicer\lib\HeaderParser.js:46:19)
    at Dicer._oninfo (C:\Users\张伟伟牛逼\Desktop\毕设pet\server-pet\node_modules\dicer\lib\Dicer.js:197:25)
[2023-01-29T17:51:45.611] [ERROR] error - Error: Unexpected field
    at makeError (C:\Users\张伟伟牛逼\Desktop\毕设pet\server-pet\node_modules\multer\lib\make-error.js:12:13)
    at wrappedFileFilter (C:\Users\张伟伟牛逼\Desktop\毕设pet\server-pet\node_modules\multer\index.js:40:19)
    at Busboy.<anonymous> (C:\Users\张伟伟牛逼\Desktop\毕设pet\server-pet\node_modules\multer\lib\make-middleware.js:114:7)
    at Busboy.emit (node:events:520:28)
    at Busboy.emit (C:\Users\张伟伟牛逼\Desktop\毕设pet\server-pet\node_modules\busboy\lib\main.js:38:33)
    at PartStream.<anonymous> (C:\Users\张伟伟牛逼\Desktop\毕设pet\server-pet\node_modules\busboy\lib\types\multipart.js:213:13)
    at PartStream.emit (node:events:520:28)
    at HeaderParser.<anonymous> (C:\Users\张伟伟牛逼\Desktop\毕设pet\server-pet\node_modules\dicer\lib\Dicer.js:51:16)
    at HeaderParser.emit (node:events:520:28)
    at HeaderParser._finish (C:\Users\张伟伟牛逼\Desktop\毕设pet\server-pet\node_modules\dicer\lib\HeaderParser.js:68:8)
    at SBMH.<anonymous> (C:\Users\张伟伟牛逼\Desktop\毕设pet\server-pet\node_modules\dicer\lib\HeaderParser.js:40:12)
    at SBMH.emit (node:events:520:28)
    at SBMH._sbmh_feed (C:\Users\张伟伟牛逼\Desktop\毕设pet\server-pet\node_modules\streamsearch\lib\sbmh.js:159:14)
    at SBMH.push (C:\Users\张伟伟牛逼\Desktop\毕设pet\server-pet\node_modules\streamsearch\lib\sbmh.js:56:14)
    at HeaderParser.push (C:\Users\张伟伟牛逼\Desktop\毕设pet\server-pet\node_modules\dicer\lib\HeaderParser.js:46:19)
    at Dicer._oninfo (C:\Users\张伟伟牛逼\Desktop\毕设pet\server-pet\node_modules\dicer\lib\Dicer.js:197:25)
[2023-01-29T19:48:27.337] [ERROR] error - Error: ENOENT: no such file or directory, unlink './uploads/undefined'
    at Object.unlinkSync (node:fs:1720:3)
    at C:\Users\张伟伟牛逼\Desktop\毕设pet\server-pet\routes\articles.js:52:8
    at dispatch (C:\Users\张伟伟牛逼\Desktop\毕设pet\server-pet\node_modules\koa-router\node_modules\koa-compose\index.js:44:32)
    at next (C:\Users\张伟伟牛逼\Desktop\毕设pet\server-pet\node_modules\koa-router\node_modules\koa-compose\index.js:45:18)
    at C:\Users\张伟伟牛逼\Desktop\毕设pet\server-pet\node_modules\koa-router\lib\router.js:346:16
    at dispatch (C:\Users\张伟伟牛逼\Desktop\毕设pet\server-pet\node_modules\koa-router\node_modules\koa-compose\index.js:44:32)
    at next (C:\Users\张伟伟牛逼\Desktop\毕设pet\server-pet\node_modules\koa-router\node_modules\koa-compose\index.js:45:18)
    at allowedMethods (C:\Users\张伟伟牛逼\Desktop\毕设pet\server-pet\node_modules\koa-router\lib\router.js:407:12)
    at dispatch (C:\Users\张伟伟牛逼\Desktop\毕设pet\server-pet\node_modules\koa-router\node_modules\koa-compose\index.js:44:32)
    at next (C:\Users\张伟伟牛逼\Desktop\毕设pet\server-pet\node_modules\koa-router\node_modules\koa-compose\index.js:45:18)
    at C:\Users\张伟伟牛逼\Desktop\毕设pet\server-pet\node_modules\koa-router\lib\router.js:346:16
    at dispatch (C:\Users\张伟伟牛逼\Desktop\毕设pet\server-pet\node_modules\koa-router\node_modules\koa-compose\index.js:44:32)
    at C:\Users\张伟伟牛逼\Desktop\毕设pet\server-pet\node_modules\koa-router\node_modules\koa-compose\index.js:36:12
    at dispatch (C:\Users\张伟伟牛逼\Desktop\毕设pet\server-pet\node_modules\koa-router\lib\router.js:351:31)
    at dispatch (C:\Users\张伟伟牛逼\Desktop\毕设pet\server-pet\node_modules\koa-compose\index.js:42:32)
    at C:\Users\张伟伟牛逼\Desktop\毕设pet\server-pet\node_modules\koa-unless\index.js:26:14
[2023-01-29T19:49:03.818] [ERROR] error - Error: ENOENT: no such file or directory, unlink 'public/uploads/undefined'
    at Object.unlinkSync (node:fs:1720:3)
    at C:\Users\张伟伟牛逼\Desktop\毕设pet\server-pet\routes\articles.js:52:8
    at dispatch (C:\Users\张伟伟牛逼\Desktop\毕设pet\server-pet\node_modules\koa-router\node_modules\koa-compose\index.js:44:32)
    at next (C:\Users\张伟伟牛逼\Desktop\毕设pet\server-pet\node_modules\koa-router\node_modules\koa-compose\index.js:45:18)
    at C:\Users\张伟伟牛逼\Desktop\毕设pet\server-pet\node_modules\koa-router\lib\router.js:346:16
    at dispatch (C:\Users\张伟伟牛逼\Desktop\毕设pet\server-pet\node_modules\koa-router\node_modules\koa-compose\index.js:44:32)
    at next (C:\Users\张伟伟牛逼\Desktop\毕设pet\server-pet\node_modules\koa-router\node_modules\koa-compose\index.js:45:18)
    at allowedMethods (C:\Users\张伟伟牛逼\Desktop\毕设pet\server-pet\node_modules\koa-router\lib\router.js:407:12)
    at dispatch (C:\Users\张伟伟牛逼\Desktop\毕设pet\server-pet\node_modules\koa-router\node_modules\koa-compose\index.js:44:32)
    at next (C:\Users\张伟伟牛逼\Desktop\毕设pet\server-pet\node_modules\koa-router\node_modules\koa-compose\index.js:45:18)
    at C:\Users\张伟伟牛逼\Desktop\毕设pet\server-pet\node_modules\koa-router\lib\router.js:346:16
    at dispatch (C:\Users\张伟伟牛逼\Desktop\毕设pet\server-pet\node_modules\koa-router\node_modules\koa-compose\index.js:44:32)
    at C:\Users\张伟伟牛逼\Desktop\毕设pet\server-pet\node_modules\koa-router\node_modules\koa-compose\index.js:36:12
    at dispatch (C:\Users\张伟伟牛逼\Desktop\毕设pet\server-pet\node_modules\koa-router\lib\router.js:351:31)
    at dispatch (C:\Users\张伟伟牛逼\Desktop\毕设pet\server-pet\node_modules\koa-compose\index.js:42:32)
    at C:\Users\张伟伟牛逼\Desktop\毕设pet\server-pet\node_modules\koa-unless\index.js:26:14
[2023-01-29T19:49:33.490] [ERROR] error - Error: ENOENT: no such file or directory, unlink 'public/uploads/undefined'
    at Object.unlinkSync (node:fs:1720:3)
    at C:\Users\张伟伟牛逼\Desktop\毕设pet\server-pet\routes\articles.js:52:8
    at dispatch (C:\Users\张伟伟牛逼\Desktop\毕设pet\server-pet\node_modules\koa-router\node_modules\koa-compose\index.js:44:32)
    at next (C:\Users\张伟伟牛逼\Desktop\毕设pet\server-pet\node_modules\koa-router\node_modules\koa-compose\index.js:45:18)
    at C:\Users\张伟伟牛逼\Desktop\毕设pet\server-pet\node_modules\koa-router\lib\router.js:346:16
    at dispatch (C:\Users\张伟伟牛逼\Desktop\毕设pet\server-pet\node_modules\koa-router\node_modules\koa-compose\index.js:44:32)
    at next (C:\Users\张伟伟牛逼\Desktop\毕设pet\server-pet\node_modules\koa-router\node_modules\koa-compose\index.js:45:18)
    at allowedMethods (C:\Users\张伟伟牛逼\Desktop\毕设pet\server-pet\node_modules\koa-router\lib\router.js:407:12)
    at dispatch (C:\Users\张伟伟牛逼\Desktop\毕设pet\server-pet\node_modules\koa-router\node_modules\koa-compose\index.js:44:32)
    at next (C:\Users\张伟伟牛逼\Desktop\毕设pet\server-pet\node_modules\koa-router\node_modules\koa-compose\index.js:45:18)
    at C:\Users\张伟伟牛逼\Desktop\毕设pet\server-pet\node_modules\koa-router\lib\router.js:346:16
    at dispatch (C:\Users\张伟伟牛逼\Desktop\毕设pet\server-pet\node_modules\koa-router\node_modules\koa-compose\index.js:44:32)
    at C:\Users\张伟伟牛逼\Desktop\毕设pet\server-pet\node_modules\koa-router\node_modules\koa-compose\index.js:36:12
    at dispatch (C:\Users\张伟伟牛逼\Desktop\毕设pet\server-pet\node_modules\koa-router\lib\router.js:351:31)
    at dispatch (C:\Users\张伟伟牛逼\Desktop\毕设pet\server-pet\node_modules\koa-compose\index.js:42:32)
    at C:\Users\张伟伟牛逼\Desktop\毕设pet\server-pet\node_modules\koa-unless\index.js:26:14
[2023-01-29T19:50:07.820] [ERROR] error - Error: ENOENT: no such file or directory, unlink 'public/uploads/undefined'
    at Object.unlinkSync (node:fs:1720:3)
    at C:\Users\张伟伟牛逼\Desktop\毕设pet\server-pet\routes\articles.js:52:8
    at dispatch (C:\Users\张伟伟牛逼\Desktop\毕设pet\server-pet\node_modules\koa-router\node_modules\koa-compose\index.js:44:32)
    at next (C:\Users\张伟伟牛逼\Desktop\毕设pet\server-pet\node_modules\koa-router\node_modules\koa-compose\index.js:45:18)
    at C:\Users\张伟伟牛逼\Desktop\毕设pet\server-pet\node_modules\koa-router\lib\router.js:346:16
    at dispatch (C:\Users\张伟伟牛逼\Desktop\毕设pet\server-pet\node_modules\koa-router\node_modules\koa-compose\index.js:44:32)
    at next (C:\Users\张伟伟牛逼\Desktop\毕设pet\server-pet\node_modules\koa-router\node_modules\koa-compose\index.js:45:18)
    at allowedMethods (C:\Users\张伟伟牛逼\Desktop\毕设pet\server-pet\node_modules\koa-router\lib\router.js:407:12)
    at dispatch (C:\Users\张伟伟牛逼\Desktop\毕设pet\server-pet\node_modules\koa-router\node_modules\koa-compose\index.js:44:32)
    at next (C:\Users\张伟伟牛逼\Desktop\毕设pet\server-pet\node_modules\koa-router\node_modules\koa-compose\index.js:45:18)
    at C:\Users\张伟伟牛逼\Desktop\毕设pet\server-pet\node_modules\koa-router\lib\router.js:346:16
    at dispatch (C:\Users\张伟伟牛逼\Desktop\毕设pet\server-pet\node_modules\koa-router\node_modules\koa-compose\index.js:44:32)
    at C:\Users\张伟伟牛逼\Desktop\毕设pet\server-pet\node_modules\koa-router\node_modules\koa-compose\index.js:36:12
    at dispatch (C:\Users\张伟伟牛逼\Desktop\毕设pet\server-pet\node_modules\koa-router\lib\router.js:351:31)
    at dispatch (C:\Users\张伟伟牛逼\Desktop\毕设pet\server-pet\node_modules\koa-compose\index.js:42:32)
    at C:\Users\张伟伟牛逼\Desktop\毕设pet\server-pet\node_modules\koa-unless\index.js:26:14
[2023-01-29T19:53:43.698] [ERROR] error - Error: ENOENT: no such file or directory, unlink 'public/uploads/http://localhost:3000/uploads/1674993221648logo.jpeg'
    at Object.unlinkSync (node:fs:1720:3)
    at C:\Users\张伟伟牛逼\Desktop\毕设pet\server-pet\routes\articles.js:52:8
    at dispatch (C:\Users\张伟伟牛逼\Desktop\毕设pet\server-pet\node_modules\koa-router\node_modules\koa-compose\index.js:44:32)
    at next (C:\Users\张伟伟牛逼\Desktop\毕设pet\server-pet\node_modules\koa-router\node_modules\koa-compose\index.js:45:18)
    at C:\Users\张伟伟牛逼\Desktop\毕设pet\server-pet\node_modules\koa-router\lib\router.js:346:16
    at dispatch (C:\Users\张伟伟牛逼\Desktop\毕设pet\server-pet\node_modules\koa-router\node_modules\koa-compose\index.js:44:32)
    at next (C:\Users\张伟伟牛逼\Desktop\毕设pet\server-pet\node_modules\koa-router\node_modules\koa-compose\index.js:45:18)
    at allowedMethods (C:\Users\张伟伟牛逼\Desktop\毕设pet\server-pet\node_modules\koa-router\lib\router.js:407:12)
    at dispatch (C:\Users\张伟伟牛逼\Desktop\毕设pet\server-pet\node_modules\koa-router\node_modules\koa-compose\index.js:44:32)
    at next (C:\Users\张伟伟牛逼\Desktop\毕设pet\server-pet\node_modules\koa-router\node_modules\koa-compose\index.js:45:18)
    at C:\Users\张伟伟牛逼\Desktop\毕设pet\server-pet\node_modules\koa-router\lib\router.js:346:16
    at dispatch (C:\Users\张伟伟牛逼\Desktop\毕设pet\server-pet\node_modules\koa-router\node_modules\koa-compose\index.js:44:32)
    at C:\Users\张伟伟牛逼\Desktop\毕设pet\server-pet\node_modules\koa-router\node_modules\koa-compose\index.js:36:12
    at dispatch (C:\Users\张伟伟牛逼\Desktop\毕设pet\server-pet\node_modules\koa-router\lib\router.js:351:31)
    at dispatch (C:\Users\张伟伟牛逼\Desktop\毕设pet\server-pet\node_modules\koa-compose\index.js:42:32)
    at C:\Users\张伟伟牛逼\Desktop\毕设pet\server-pet\node_modules\koa-unless\index.js:26:14
[2023-01-29T19:55:25.713] [ERROR] error - Error: ENOENT: no such file or directory, unlink 'public/uploads/[object Object]'
    at Object.unlinkSync (node:fs:1720:3)
    at C:\Users\张伟伟牛逼\Desktop\毕设pet\server-pet\routes\articles.js:53:8
    at dispatch (C:\Users\张伟伟牛逼\Desktop\毕设pet\server-pet\node_modules\koa-router\node_modules\koa-compose\index.js:44:32)
    at next (C:\Users\张伟伟牛逼\Desktop\毕设pet\server-pet\node_modules\koa-router\node_modules\koa-compose\index.js:45:18)
    at C:\Users\张伟伟牛逼\Desktop\毕设pet\server-pet\node_modules\koa-router\lib\router.js:346:16
    at dispatch (C:\Users\张伟伟牛逼\Desktop\毕设pet\server-pet\node_modules\koa-router\node_modules\koa-compose\index.js:44:32)
    at next (C:\Users\张伟伟牛逼\Desktop\毕设pet\server-pet\node_modules\koa-router\node_modules\koa-compose\index.js:45:18)
    at allowedMethods (C:\Users\张伟伟牛逼\Desktop\毕设pet\server-pet\node_modules\koa-router\lib\router.js:407:12)
    at dispatch (C:\Users\张伟伟牛逼\Desktop\毕设pet\server-pet\node_modules\koa-router\node_modules\koa-compose\index.js:44:32)
    at next (C:\Users\张伟伟牛逼\Desktop\毕设pet\server-pet\node_modules\koa-router\node_modules\koa-compose\index.js:45:18)
    at C:\Users\张伟伟牛逼\Desktop\毕设pet\server-pet\node_modules\koa-router\lib\router.js:346:16
    at dispatch (C:\Users\张伟伟牛逼\Desktop\毕设pet\server-pet\node_modules\koa-router\node_modules\koa-compose\index.js:44:32)
    at C:\Users\张伟伟牛逼\Desktop\毕设pet\server-pet\node_modules\koa-router\node_modules\koa-compose\index.js:36:12
    at dispatch (C:\Users\张伟伟牛逼\Desktop\毕设pet\server-pet\node_modules\koa-router\lib\router.js:351:31)
    at dispatch (C:\Users\张伟伟牛逼\Desktop\毕设pet\server-pet\node_modules\koa-compose\index.js:42:32)
    at C:\Users\张伟伟牛逼\Desktop\毕设pet\server-pet\node_modules\koa-unless\index.js:26:14
[2023-01-29T20:03:50.051] [ERROR] error - Error: ENOENT: no such file or directory, unlink '1674993823582logo.jpeg'
    at Object.unlinkSync (node:fs:1720:3)
    at C:\Users\张伟伟牛逼\Desktop\毕设pet\server-pet\routes\articles.js:53:8
    at dispatch (C:\Users\张伟伟牛逼\Desktop\毕设pet\server-pet\node_modules\koa-router\node_modules\koa-compose\index.js:44:32)
    at next (C:\Users\张伟伟牛逼\Desktop\毕设pet\server-pet\node_modules\koa-router\node_modules\koa-compose\index.js:45:18)
    at C:\Users\张伟伟牛逼\Desktop\毕设pet\server-pet\node_modules\koa-router\lib\router.js:346:16
    at dispatch (C:\Users\张伟伟牛逼\Desktop\毕设pet\server-pet\node_modules\koa-router\node_modules\koa-compose\index.js:44:32)
    at next (C:\Users\张伟伟牛逼\Desktop\毕设pet\server-pet\node_modules\koa-router\node_modules\koa-compose\index.js:45:18)
    at allowedMethods (C:\Users\张伟伟牛逼\Desktop\毕设pet\server-pet\node_modules\koa-router\lib\router.js:407:12)
    at dispatch (C:\Users\张伟伟牛逼\Desktop\毕设pet\server-pet\node_modules\koa-router\node_modules\koa-compose\index.js:44:32)
    at next (C:\Users\张伟伟牛逼\Desktop\毕设pet\server-pet\node_modules\koa-router\node_modules\koa-compose\index.js:45:18)
    at C:\Users\张伟伟牛逼\Desktop\毕设pet\server-pet\node_modules\koa-router\lib\router.js:346:16
    at dispatch (C:\Users\张伟伟牛逼\Desktop\毕设pet\server-pet\node_modules\koa-router\node_modules\koa-compose\index.js:44:32)
    at C:\Users\张伟伟牛逼\Desktop\毕设pet\server-pet\node_modules\koa-router\node_modules\koa-compose\index.js:36:12
    at dispatch (C:\Users\张伟伟牛逼\Desktop\毕设pet\server-pet\node_modules\koa-router\lib\router.js:351:31)
    at dispatch (C:\Users\张伟伟牛逼\Desktop\毕设pet\server-pet\node_modules\koa-compose\index.js:42:32)
    at C:\Users\张伟伟牛逼\Desktop\毕设pet\server-pet\node_modules\koa-unless\index.js:26:14
